<?xml version="1.0" encoding="UTF-8" ?>
<testsuite errors="0" failures="0" hostname="DESKTOP-F2H886T" name="ch.actifsource.example.ant.unittest.AllTests" skipped="0" tests="4" time="5.735" timestamp="2020-08-26T09:35:29">
  <properties>
[...]
</properties>
  <testcase classname="ch.actifsource.example.ant.unittest.model.ChildTest" name="test_childSizeSelectorFunction" time="2.331" />
  <testcase classname="ch.actifsource.example.ant.unittest.model.ChildTest" name="test_createChild" time="1.19" />
  <testcase classname="ch.actifsource.example.ant.unittest.model.ChildTest" name="test_childSizeJavaFunction" time="0.994" />
  <testcase classname="ch.actifsource.example.ant.unittest.model.ChildTest" name="test_childSize" time="1.095" />
  <system-out><![CDATA[Loading ActifsourceTestEnvironment...
Loading file:/D:/Eclipse/eclipse-rcp-oxygen-3a-win32-x86_64/eclipse/plugins/ch.actifsource.aql_10.10.0.202005121415.jar...
...loaded -> ch.actifsource.aql
Loading file:/D:/Eclipse/eclipse-rcp-oxygen-3a-win32-x86_64/eclipse/plugins/ch.actifsource.aql_10.9.0.202027031600.jar...
...loaded -> ch.actifsource.aql
Loading file:/D:/Eclipse/eclipse-rcp-oxygen-3a-win32-x86_64/eclipse/plugins/ch.actifsource.codesnippet.findreplace_10.10.0.202005121415.jar...
...loaded -> ch.actifsource.codesnippet.findreplace
Loading file:/D:/Eclipse/eclipse-rcp-oxygen-3a-win32-x86_64/eclipse/plugins/ch.actifsource.codesnippet.findreplace_10.9.0.202027031600.jar...
...loaded -> ch.actifsource.codesnippet.findreplace
Loading file:/D:/Eclipse/eclipse-rcp-oxygen-3a-win32-x86_64/eclipse/plugins/ch.actifsource.codesnippet.metamodel_10.10.0.202005121415.jar...
...loaded -> ch.actifsource.codesnippet.metamodel
Loading file:/D:/Eclipse/eclipse-rcp-oxygen-3a-win32-x86_64/eclipse/plugins/ch.actifsource.codesnippet.metamodel_10.9.0.202027031600.jar...
...loaded -> ch.actifsource.codesnippet.metamodel
Loading file:/D:/Eclipse/eclipse-rcp-oxygen-3a-win32-x86_64/eclipse/plugins/ch.actifsource.contenttype_10.10.0.202005121415.jar...
...loaded -> ch.actifsource.contenttype
Loading file:/D:/Eclipse/eclipse-rcp-oxygen-3a-win32-x86_64/eclipse/plugins/ch.actifsource.contenttype_10.9.0.202027031600.jar...
...loaded -> ch.actifsource.contenttype
Loading file:/D:/Eclipse/eclipse-rcp-oxygen-3a-win32-x86_64/eclipse/plugins/ch.actifsource.core.testutil_10.10.0.202005121415.jar...
...loaded -> ch.actifsource.core.testutil
Loading file:/D:/Eclipse/eclipse-rcp-oxygen-3a-win32-x86_64/eclipse/plugins/ch.actifsource.core.testutil_10.9.0.202027031600.jar...
...loaded -> ch.actifsource.core.testutil
Loading file:/D:/Eclipse/eclipse-rcp-oxygen-3a-win32-x86_64/eclipse/plugins/ch.actifsource.core_10.10.0.202005121415.jar...
...loaded -> ch.actifsource.core
Loading file:/D:/Eclipse/eclipse-rcp-oxygen-3a-win32-x86_64/eclipse/plugins/ch.actifsource.core_10.9.0.202027031600.jar...
...loaded -> ch.actifsource.core
Loading file:/D:/Eclipse/eclipse-rcp-oxygen-3a-win32-x86_64/eclipse/plugins/ch.actifsource.developer.subclipse_10.10.0.202005121415.jar...
...loaded -> ch.actifsource.developer.subclipse
Loading file:/D:/Eclipse/eclipse-rcp-oxygen-3a-win32-x86_64/eclipse/plugins/ch.actifsource.developer.subclipse_10.9.0.202027031600.jar...
...loaded -> ch.actifsource.developer.subclipse
Loading file:/D:/Eclipse/eclipse-rcp-oxygen-3a-win32-x86_64/eclipse/plugins/ch.actifsource.developer_10.10.0.202005121415.jar...
...loaded -> ch.actifsource.developer
Loading file:/D:/Eclipse/eclipse-rcp-oxygen-3a-win32-x86_64/eclipse/plugins/ch.actifsource.developer_10.9.0.202027031600.jar...
...loaded -> ch.actifsource.developer
Loading file:/D:/Eclipse/eclipse-rcp-oxygen-3a-win32-x86_64/eclipse/plugins/ch.actifsource.diagram_10.10.0.202005121415.jar...
...loaded -> ch.actifsource.diagram
Loading file:/D:/Eclipse/eclipse-rcp-oxygen-3a-win32-x86_64/eclipse/plugins/ch.actifsource.diagram_10.9.0.202027031600.jar...
...loaded -> ch.actifsource.diagram
Loading file:/D:/Eclipse/eclipse-rcp-oxygen-3a-win32-x86_64/eclipse/plugins/ch.actifsource.eclipse.util_10.10.0.202005121415.jar...
...loaded -> ch.actifsource.eclipse.util
Loading file:/D:/Eclipse/eclipse-rcp-oxygen-3a-win32-x86_64/eclipse/plugins/ch.actifsource.eclipse.util_10.9.0.202027031600.jar...
...loaded -> ch.actifsource.eclipse.util
Loading file:/D:/Eclipse/eclipse-rcp-oxygen-3a-win32-x86_64/eclipse/plugins/ch.actifsource.ecore_10.10.0.202005121415.jar...
...loaded -> ch.actifsource.ecore
Loading file:/D:/Eclipse/eclipse-rcp-oxygen-3a-win32-x86_64/eclipse/plugins/ch.actifsource.ecore_10.9.0.202027031600.jar...
...loaded -> ch.actifsource.ecore
Loading file:/D:/Eclipse/eclipse-rcp-oxygen-3a-win32-x86_64/eclipse/plugins/ch.actifsource.environment.resourcescope_10.10.0.202005121415.jar...
...loaded -> ch.actifsource.environment.resourcescope
Loading file:/D:/Eclipse/eclipse-rcp-oxygen-3a-win32-x86_64/eclipse/plugins/ch.actifsource.environment.resourcescope_10.9.0.202027031600.jar...
...loaded -> ch.actifsource.environment.resourcescope
Loading file:/D:/Eclipse/eclipse-rcp-oxygen-3a-win32-x86_64/eclipse/plugins/ch.actifsource.environment_10.10.0.202005121415.jar...
...loaded -> ch.actifsource.environment
Loading file:/D:/Eclipse/eclipse-rcp-oxygen-3a-win32-x86_64/eclipse/plugins/ch.actifsource.environment_10.9.0.202027031600.jar...
...loaded -> ch.actifsource.environment
Loading file:/D:/Eclipse/eclipse-rcp-oxygen-3a-win32-x86_64/eclipse/plugins/ch.actifsource.external.builder.server_10.10.0.202005121415.jar...
...loaded -> ch.actifsource.external.builder.server
Loading file:/D:/Eclipse/eclipse-rcp-oxygen-3a-win32-x86_64/eclipse/plugins/ch.actifsource.external.builder.server_10.9.0.202027031600.jar...
...loaded -> ch.actifsource.external.builder.server
Loading file:/D:/Eclipse/eclipse-rcp-oxygen-3a-win32-x86_64/eclipse/plugins/ch.actifsource.external.builder_10.10.0.202005121415.jar...
...loaded -> ch.actifsource.external.builder
Loading file:/D:/Eclipse/eclipse-rcp-oxygen-3a-win32-x86_64/eclipse/plugins/ch.actifsource.external.builder_10.9.0.202027031600.jar...
...loaded -> ch.actifsource.external.builder
Loading file:/D:/Eclipse/eclipse-rcp-oxygen-3a-win32-x86_64/eclipse/plugins/ch.actifsource.freemarker_10.10.0.202005121415.jar...
...loaded -> ch.actifsource.freemarker
Loading file:/D:/Eclipse/eclipse-rcp-oxygen-3a-win32-x86_64/eclipse/plugins/ch.actifsource.freemarker_10.9.0.202027031600.jar...
...loaded -> ch.actifsource.freemarker
Loading file:/D:/Eclipse/eclipse-rcp-oxygen-3a-win32-x86_64/eclipse/plugins/ch.actifsource.generator.compat_10.10.0.202005121415.jar...
...loaded -> ch.actifsource.generator.compat
Loading file:/D:/Eclipse/eclipse-rcp-oxygen-3a-win32-x86_64/eclipse/plugins/ch.actifsource.generator.compat_10.9.0.202027031600.jar...
...loaded -> ch.actifsource.generator.compat
Loading file:/D:/Eclipse/eclipse-rcp-oxygen-3a-win32-x86_64/eclipse/plugins/ch.actifsource.generator.freemarker_10.10.0.202005121415.jar...
...loaded -> ch.actifsource.generator.freemarker
Loading file:/D:/Eclipse/eclipse-rcp-oxygen-3a-win32-x86_64/eclipse/plugins/ch.actifsource.generator.freemarker_10.9.0.202027031600.jar...
...loaded -> ch.actifsource.generator.freemarker
Loading file:/D:/Eclipse/eclipse-rcp-oxygen-3a-win32-x86_64/eclipse/plugins/ch.actifsource.generator.graphviz_10.10.0.202005121415.jar...
...loaded -> ch.actifsource.generator.graphviz
Loading file:/D:/Eclipse/eclipse-rcp-oxygen-3a-win32-x86_64/eclipse/plugins/ch.actifsource.generator.graphviz_10.9.0.202027031600.jar...
...loaded -> ch.actifsource.generator.graphviz
Loading file:/D:/Eclipse/eclipse-rcp-oxygen-3a-win32-x86_64/eclipse/plugins/ch.actifsource.generator.workspacetask_10.10.0.202005121415.jar...
...loaded -> ch.actifsource.generator.workspacetask
Loading file:/D:/Eclipse/eclipse-rcp-oxygen-3a-win32-x86_64/eclipse/plugins/ch.actifsource.generator.workspacetask_10.9.0.202027031600.jar...
...loaded -> ch.actifsource.generator.workspacetask
Loading file:/D:/Eclipse/eclipse-rcp-oxygen-3a-win32-x86_64/eclipse/plugins/ch.actifsource.generator.xpand_10.10.0.202005121415.jar...
...loaded -> ch.actifsource.generator.xpand
Loading file:/D:/Eclipse/eclipse-rcp-oxygen-3a-win32-x86_64/eclipse/plugins/ch.actifsource.generator.xpand_10.9.0.202027031600.jar...
...loaded -> ch.actifsource.generator.xpand
Loading file:/D:/Eclipse/eclipse-rcp-oxygen-3a-win32-x86_64/eclipse/plugins/ch.actifsource.generator_10.10.0.202005121415.jar...
...loaded -> ch.actifsource.generator
Loading file:/D:/Eclipse/eclipse-rcp-oxygen-3a-win32-x86_64/eclipse/plugins/ch.actifsource.generator_10.9.0.202027031600.jar...
...loaded -> ch.actifsource.generator
Loading file:/D:/Eclipse/eclipse-rcp-oxygen-3a-win32-x86_64/eclipse/plugins/ch.actifsource.genericapp.dataclass_10.10.0.202005121415.jar...
...loaded -> ch.actifsource.genericapp.dataclass
Loading file:/D:/Eclipse/eclipse-rcp-oxygen-3a-win32-x86_64/eclipse/plugins/ch.actifsource.genericapp.dataclass_10.9.0.202027031600.jar...
...loaded -> ch.actifsource.genericapp.dataclass
Loading file:/D:/Eclipse/eclipse-rcp-oxygen-3a-win32-x86_64/eclipse/plugins/ch.actifsource.genericapp.httpclient_10.10.0.202005121415.jar...
...loaded -> ch.actifsource.genericapp.httpclient
Loading file:/D:/Eclipse/eclipse-rcp-oxygen-3a-win32-x86_64/eclipse/plugins/ch.actifsource.genericapp.httpclient_10.9.0.202027031600.jar...
...loaded -> ch.actifsource.genericapp.httpclient
Loading file:/D:/Eclipse/eclipse-rcp-oxygen-3a-win32-x86_64/eclipse/plugins/ch.actifsource.javamodel.reader_10.10.0.202005121415.jar...
...loaded -> ch.actifsource.javamodel.reader
Loading file:/D:/Eclipse/eclipse-rcp-oxygen-3a-win32-x86_64/eclipse/plugins/ch.actifsource.javamodel.reader_10.9.0.202027031600.jar...
...loaded -> ch.actifsource.javamodel.reader
Loading file:/D:/Eclipse/eclipse-rcp-oxygen-3a-win32-x86_64/eclipse/plugins/ch.actifsource.javamodel_10.10.0.202005121415.jar...
...loaded -> ch.actifsource.javamodel
Loading file:/D:/Eclipse/eclipse-rcp-oxygen-3a-win32-x86_64/eclipse/plugins/ch.actifsource.javamodel_10.9.0.202027031600.jar...
...loaded -> ch.actifsource.javamodel
Loading file:/D:/Eclipse/eclipse-rcp-oxygen-3a-win32-x86_64/eclipse/plugins/ch.actifsource.licence.seal_10.10.0.202005121415.jar...
...loaded -> ch.actifsource.licence.seal
Loading file:/D:/Eclipse/eclipse-rcp-oxygen-3a-win32-x86_64/eclipse/plugins/ch.actifsource.licence.seal_10.9.0.202027031600.jar...
...loaded -> ch.actifsource.licence.seal
Loading file:/D:/Eclipse/eclipse-rcp-oxygen-3a-win32-x86_64/eclipse/plugins/ch.actifsource.oaw.xpand_10.10.0.202005121415.jar...
...loaded -> ch.actifsource.oaw.xpand
Loading file:/D:/Eclipse/eclipse-rcp-oxygen-3a-win32-x86_64/eclipse/plugins/ch.actifsource.oaw.xpand_10.9.0.202027031600.jar...
...loaded -> ch.actifsource.oaw.xpand
Loading file:/D:/Eclipse/eclipse-rcp-oxygen-3a-win32-x86_64/eclipse/plugins/ch.actifsource.p2_v2_10.10.0.202005121415.jar...
...loaded -> ch.actifsource.p2_v2
Loading file:/D:/Eclipse/eclipse-rcp-oxygen-3a-win32-x86_64/eclipse/plugins/ch.actifsource.p2_v2_10.9.0.202027031600.jar...
...loaded -> ch.actifsource.p2_v2
Loading file:/D:/Eclipse/eclipse-rcp-oxygen-3a-win32-x86_64/eclipse/plugins/ch.actifsource.platform_10.10.0.202005121415.jar...
...loaded -> ch.actifsource.platform
Loading file:/D:/Eclipse/eclipse-rcp-oxygen-3a-win32-x86_64/eclipse/plugins/ch.actifsource.platform_10.9.0.202027031600.jar...
...loaded -> ch.actifsource.platform
Loading file:/D:/Eclipse/eclipse-rcp-oxygen-3a-win32-x86_64/eclipse/plugins/ch.actifsource.servicedata_10.10.0.202005121415.jar...
...loaded -> ch.actifsource.servicedata
Loading file:/D:/Eclipse/eclipse-rcp-oxygen-3a-win32-x86_64/eclipse/plugins/ch.actifsource.servicedata_10.9.0.202027031600.jar...
...loaded -> ch.actifsource.servicedata
Loading file:/D:/Eclipse/eclipse-rcp-oxygen-3a-win32-x86_64/eclipse/plugins/ch.actifsource.solution.cip_10.10.0.202005121415.jar...
...loaded -> ch.actifsource.solution.cip
Loading file:/D:/Eclipse/eclipse-rcp-oxygen-3a-win32-x86_64/eclipse/plugins/ch.actifsource.solution.cip_10.9.0.202027031600.jar...
...loaded -> ch.actifsource.solution.cip
Loading file:/D:/Eclipse/eclipse-rcp-oxygen-3a-win32-x86_64/eclipse/plugins/ch.actifsource.solution.datatype_10.10.0.202005121415.jar...
...loaded -> ch.actifsource.solution.datatype
Loading file:/D:/Eclipse/eclipse-rcp-oxygen-3a-win32-x86_64/eclipse/plugins/ch.actifsource.solution.datatype_10.9.0.202027031600.jar...
...loaded -> ch.actifsource.solution.datatype
Loading file:/D:/Eclipse/eclipse-rcp-oxygen-3a-win32-x86_64/eclipse/plugins/ch.actifsource.solution.dec_10.10.0.202005121415.jar...
...loaded -> ch.actifsource.solution.dec
Loading file:/D:/Eclipse/eclipse-rcp-oxygen-3a-win32-x86_64/eclipse/plugins/ch.actifsource.solution.dec_10.9.0.202027031600.jar...
...loaded -> ch.actifsource.solution.dec
Loading file:/D:/Eclipse/eclipse-rcp-oxygen-3a-win32-x86_64/eclipse/plugins/ch.actifsource.solution.documentation.metamodel_10.10.0.202005121415.jar...
...loaded -> ch.actifsource.solution.documentation.metamodel
Loading file:/D:/Eclipse/eclipse-rcp-oxygen-3a-win32-x86_64/eclipse/plugins/ch.actifsource.solution.documentation.metamodel_10.9.0.202027031600.jar...
...loaded -> ch.actifsource.solution.documentation.metamodel
Loading file:/D:/Eclipse/eclipse-rcp-oxygen-3a-win32-x86_64/eclipse/plugins/ch.actifsource.solution.modelsnippet_10.10.0.202005121415.jar...
...loaded -> ch.actifsource.solution.modelsnippet
Loading file:/D:/Eclipse/eclipse-rcp-oxygen-3a-win32-x86_64/eclipse/plugins/ch.actifsource.solution.modvis.server.core_10.10.0.202005121415.jar...
...loaded -> ch.actifsource.solution.modvis.server.core
Loading file:/D:/Eclipse/eclipse-rcp-oxygen-3a-win32-x86_64/eclipse/plugins/ch.actifsource.solution.modvis.server_10.10.0.202005121415.jar...
...loaded -> ch.actifsource.solution.modvis.server
Loading file:/D:/Eclipse/eclipse-rcp-oxygen-3a-win32-x86_64/eclipse/plugins/ch.actifsource.solution.modvis.server_10.9.0.202027031600.jar...
...loaded -> ch.actifsource.solution.modvis.server
Loading file:/D:/Eclipse/eclipse-rcp-oxygen-3a-win32-x86_64/eclipse/plugins/ch.actifsource.solution.modvis_10.10.0.202005121415.jar...
...loaded -> ch.actifsource.solution.modvis
Loading file:/D:/Eclipse/eclipse-rcp-oxygen-3a-win32-x86_64/eclipse/plugins/ch.actifsource.solution.modvis_10.9.0.202027031600.jar...
...loaded -> ch.actifsource.solution.modvis
Loading file:/D:/Eclipse/eclipse-rcp-oxygen-3a-win32-x86_64/eclipse/plugins/ch.actifsource.solution.uml.statediagram_10.10.0.202005121415.jar...
...loaded -> ch.actifsource.solution.uml.statediagram
Loading file:/D:/Eclipse/eclipse-rcp-oxygen-3a-win32-x86_64/eclipse/plugins/ch.actifsource.solution.uml.statediagram_10.9.0.202027031600.jar...
...loaded -> ch.actifsource.solution.uml.statediagram
Loading file:/D:/Eclipse/eclipse-rcp-oxygen-3a-win32-x86_64/eclipse/plugins/ch.actifsource.template.findreplace_10.10.0.202005121415.jar...
...loaded -> ch.actifsource.template.findreplace
Loading file:/D:/Eclipse/eclipse-rcp-oxygen-3a-win32-x86_64/eclipse/plugins/ch.actifsource.template.findreplace_10.9.0.202027031600.jar...
...loaded -> ch.actifsource.template.findreplace
Loading file:/D:/Eclipse/eclipse-rcp-oxygen-3a-win32-x86_64/eclipse/plugins/ch.actifsource.template_10.10.0.202005121415.jar...
...loaded -> ch.actifsource.template
Loading file:/D:/Eclipse/eclipse-rcp-oxygen-3a-win32-x86_64/eclipse/plugins/ch.actifsource.template_10.9.0.202027031600.jar...
...loaded -> ch.actifsource.template
Loading file:/D:/Eclipse/eclipse-rcp-oxygen-3a-win32-x86_64/eclipse/plugins/ch.actifsource.testutil_10.10.0.202005121415.jar...
...loaded -> ch.actifsource.testutil
Loading file:/D:/Eclipse/eclipse-rcp-oxygen-3a-win32-x86_64/eclipse/plugins/ch.actifsource.testutil_10.9.0.202027031600.jar...
...loaded -> ch.actifsource.testutil
Loading file:/D:/Eclipse/eclipse-rcp-oxygen-3a-win32-x86_64/eclipse/plugins/ch.actifsource.transientresource_10.10.0.202005121415.jar...
...loaded -> ch.actifsource.transientresource
Loading file:/D:/Eclipse/eclipse-rcp-oxygen-3a-win32-x86_64/eclipse/plugins/ch.actifsource.transientresource_10.9.0.202027031600.jar...
...loaded -> ch.actifsource.transientresource
Loading file:/D:/Eclipse/eclipse-rcp-oxygen-3a-win32-x86_64/eclipse/plugins/ch.actifsource.ui.ant_10.10.0.202005121415.jar...
...loaded -> ch.actifsource.ui.ant
Loading file:/D:/Eclipse/eclipse-rcp-oxygen-3a-win32-x86_64/eclipse/plugins/ch.actifsource.ui.ant_10.9.0.202027031600.jar...
...loaded -> ch.actifsource.ui.ant
Loading file:/D:/Eclipse/eclipse-rcp-oxygen-3a-win32-x86_64/eclipse/plugins/ch.actifsource.ui.aql_10.10.0.202005121415.jar...
...loaded -> ch.actifsource.ui.aql
Loading file:/D:/Eclipse/eclipse-rcp-oxygen-3a-win32-x86_64/eclipse/plugins/ch.actifsource.ui.aql_10.9.0.202027031600.jar...
...loaded -> ch.actifsource.ui.aql
Loading file:/D:/Eclipse/eclipse-rcp-oxygen-3a-win32-x86_64/eclipse/plugins/ch.actifsource.ui.builder_10.10.0.202005121415.jar...
...loaded -> ch.actifsource.ui.builder
Loading file:/D:/Eclipse/eclipse-rcp-oxygen-3a-win32-x86_64/eclipse/plugins/ch.actifsource.ui.builder_10.9.0.202027031600.jar...
...loaded -> ch.actifsource.ui.builder
Loading file:/D:/Eclipse/eclipse-rcp-oxygen-3a-win32-x86_64/eclipse/plugins/ch.actifsource.ui.codesnippet_10.10.0.202005121415.jar...
...loaded -> ch.actifsource.ui.codesnippet
Loading file:/D:/Eclipse/eclipse-rcp-oxygen-3a-win32-x86_64/eclipse/plugins/ch.actifsource.ui.codesnippet_10.9.0.202027031600.jar...
...loaded -> ch.actifsource.ui.codesnippet
Loading file:/D:/Eclipse/eclipse-rcp-oxygen-3a-win32-x86_64/eclipse/plugins/ch.actifsource.ui.component_10.10.0.202005121415.jar...
...loaded -> ch.actifsource.ui.component
Loading file:/D:/Eclipse/eclipse-rcp-oxygen-3a-win32-x86_64/eclipse/plugins/ch.actifsource.ui.component_10.9.0.202027031600.jar...
...loaded -> ch.actifsource.ui.component
Loading file:/D:/Eclipse/eclipse-rcp-oxygen-3a-win32-x86_64/eclipse/plugins/ch.actifsource.ui.diagram.classes_10.10.0.202005121415.jar...
...loaded -> ch.actifsource.ui.diagram.classes
Loading file:/D:/Eclipse/eclipse-rcp-oxygen-3a-win32-x86_64/eclipse/plugins/ch.actifsource.ui.diagram.classes_10.9.0.202027031600.jar...
...loaded -> ch.actifsource.ui.diagram.classes
Loading file:/D:/Eclipse/eclipse-rcp-oxygen-3a-win32-x86_64/eclipse/plugins/ch.actifsource.ui.diagram.synchronize_10.10.0.202005121415.jar...
...loaded -> ch.actifsource.ui.diagram.synchronize
Loading file:/D:/Eclipse/eclipse-rcp-oxygen-3a-win32-x86_64/eclipse/plugins/ch.actifsource.ui.diagram.synchronize_10.9.0.202027031600.jar...
...loaded -> ch.actifsource.ui.diagram.synchronize
Loading file:/D:/Eclipse/eclipse-rcp-oxygen-3a-win32-x86_64/eclipse/plugins/ch.actifsource.ui.diagram_10.10.0.202005121415.jar...
...loaded -> ch.actifsource.ui.diagram
Loading file:/D:/Eclipse/eclipse-rcp-oxygen-3a-win32-x86_64/eclipse/plugins/ch.actifsource.ui.diagram_10.9.0.202027031600.jar...
...loaded -> ch.actifsource.ui.diagram
Loading file:/D:/Eclipse/eclipse-rcp-oxygen-3a-win32-x86_64/eclipse/plugins/ch.actifsource.ui.ecore_10.10.0.202005121415.jar...
...loaded -> ch.actifsource.ui.ecore
Loading file:/D:/Eclipse/eclipse-rcp-oxygen-3a-win32-x86_64/eclipse/plugins/ch.actifsource.ui.ecore_10.9.0.202027031600.jar...
...loaded -> ch.actifsource.ui.ecore
Loading file:/D:/Eclipse/eclipse-rcp-oxygen-3a-win32-x86_64/eclipse/plugins/ch.actifsource.ui.editor.tabular_10.10.0.202005121415.jar...
...loaded -> ch.actifsource.ui.editor.tabular
Loading file:/D:/Eclipse/eclipse-rcp-oxygen-3a-win32-x86_64/eclipse/plugins/ch.actifsource.ui.editor.tabular_10.9.0.202027031600.jar...
...loaded -> ch.actifsource.ui.editor.tabular
Loading file:/D:/Eclipse/eclipse-rcp-oxygen-3a-win32-x86_64/eclipse/plugins/ch.actifsource.ui.editor_10.10.0.202005121415.jar...
...loaded -> ch.actifsource.ui.editor
Loading file:/D:/Eclipse/eclipse-rcp-oxygen-3a-win32-x86_64/eclipse/plugins/ch.actifsource.ui.editor_10.9.0.202027031600.jar...
...loaded -> ch.actifsource.ui.editor
Loading file:/D:/Eclipse/eclipse-rcp-oxygen-3a-win32-x86_64/eclipse/plugins/ch.actifsource.ui.elementtexteditor_10.10.0.202005121415.jar...
...loaded -> ch.actifsource.ui.elementtexteditor
Loading file:/D:/Eclipse/eclipse-rcp-oxygen-3a-win32-x86_64/eclipse/plugins/ch.actifsource.ui.elementtexteditor_10.9.0.202027031600.jar...
...loaded -> ch.actifsource.ui.elementtexteditor
Loading file:/D:/Eclipse/eclipse-rcp-oxygen-3a-win32-x86_64/eclipse/plugins/ch.actifsource.ui.generator.compat_10.10.0.202005121415.jar...
...loaded -> ch.actifsource.ui.generator.compat
Loading file:/D:/Eclipse/eclipse-rcp-oxygen-3a-win32-x86_64/eclipse/plugins/ch.actifsource.ui.generator.compat_10.9.0.202027031600.jar...
...loaded -> ch.actifsource.ui.generator.compat
Loading file:/D:/Eclipse/eclipse-rcp-oxygen-3a-win32-x86_64/eclipse/plugins/ch.actifsource.ui.generator.freemarker_10.10.0.202005121415.jar...
...loaded -> ch.actifsource.ui.generator.freemarker
Loading file:/D:/Eclipse/eclipse-rcp-oxygen-3a-win32-x86_64/eclipse/plugins/ch.actifsource.ui.generator.freemarker_10.9.0.202027031600.jar...
...loaded -> ch.actifsource.ui.generator.freemarker
Loading file:/D:/Eclipse/eclipse-rcp-oxygen-3a-win32-x86_64/eclipse/plugins/ch.actifsource.ui.generator.project_10.10.0.202005121415.jar...
...loaded -> ch.actifsource.ui.generator.project
Loading file:/D:/Eclipse/eclipse-rcp-oxygen-3a-win32-x86_64/eclipse/plugins/ch.actifsource.ui.generator.project_10.9.0.202027031600.jar...
...loaded -> ch.actifsource.ui.generator.project
Loading file:/D:/Eclipse/eclipse-rcp-oxygen-3a-win32-x86_64/eclipse/plugins/ch.actifsource.ui.generator_10.10.0.202005121415.jar...
...loaded -> ch.actifsource.ui.generator
Loading file:/D:/Eclipse/eclipse-rcp-oxygen-3a-win32-x86_64/eclipse/plugins/ch.actifsource.ui.generator_10.9.0.202027031600.jar...
...loaded -> ch.actifsource.ui.generator
Loading file:/D:/Eclipse/eclipse-rcp-oxygen-3a-win32-x86_64/eclipse/plugins/ch.actifsource.ui.genericapp_10.10.0.202005121415.jar...
...loaded -> ch.actifsource.ui.genericapp
Loading file:/D:/Eclipse/eclipse-rcp-oxygen-3a-win32-x86_64/eclipse/plugins/ch.actifsource.ui.genericapp_10.9.0.202027031600.jar...
...loaded -> ch.actifsource.ui.genericapp
Loading file:/D:/Eclipse/eclipse-rcp-oxygen-3a-win32-x86_64/eclipse/plugins/ch.actifsource.ui.hudson.freemarker_ide_10.10.0.202005121415.jar...
...loaded -> ch.actifsource.ui.hudson.freemarker_ide
Loading file:/D:/Eclipse/eclipse-rcp-oxygen-3a-win32-x86_64/eclipse/plugins/ch.actifsource.ui.hudson.freemarker_ide_10.9.0.202027031600.jar...
...loaded -> ch.actifsource.ui.hudson.freemarker_ide
Loading file:/D:/Eclipse/eclipse-rcp-oxygen-3a-win32-x86_64/eclipse/plugins/ch.actifsource.ui.junit_10.10.0.202005121415.jar...
...loaded -> ch.actifsource.ui.junit
Loading file:/D:/Eclipse/eclipse-rcp-oxygen-3a-win32-x86_64/eclipse/plugins/ch.actifsource.ui.junit_10.9.0.202027031600.jar...
...loaded -> ch.actifsource.ui.junit
Loading file:/D:/Eclipse/eclipse-rcp-oxygen-3a-win32-x86_64/eclipse/plugins/ch.actifsource.ui.navigator_10.10.0.202005121415.jar...
...loaded -> ch.actifsource.ui.navigator
Loading file:/D:/Eclipse/eclipse-rcp-oxygen-3a-win32-x86_64/eclipse/plugins/ch.actifsource.ui.navigator_10.9.0.202027031600.jar...
...loaded -> ch.actifsource.ui.navigator
Loading file:/D:/Eclipse/eclipse-rcp-oxygen-3a-win32-x86_64/eclipse/plugins/ch.actifsource.ui.oaw.xpand.editor_10.10.0.202005121415.jar...
...loaded -> ch.actifsource.ui.oaw.xpand.editor
Loading file:/D:/Eclipse/eclipse-rcp-oxygen-3a-win32-x86_64/eclipse/plugins/ch.actifsource.ui.oaw.xpand.editor_10.9.0.202027031600.jar...
...loaded -> ch.actifsource.ui.oaw.xpand.editor
Loading file:/D:/Eclipse/eclipse-rcp-oxygen-3a-win32-x86_64/eclipse/plugins/ch.actifsource.ui.perspective_10.10.0.202005121415.jar...
...loaded -> ch.actifsource.ui.perspective
Loading file:/D:/Eclipse/eclipse-rcp-oxygen-3a-win32-x86_64/eclipse/plugins/ch.actifsource.ui.perspective_10.9.0.202027031600.jar...
...loaded -> ch.actifsource.ui.perspective
Loading file:/D:/Eclipse/eclipse-rcp-oxygen-3a-win32-x86_64/eclipse/plugins/ch.actifsource.ui.refactoring_10.10.0.202005121415.jar...
...loaded -> ch.actifsource.ui.refactoring
Loading file:/D:/Eclipse/eclipse-rcp-oxygen-3a-win32-x86_64/eclipse/plugins/ch.actifsource.ui.refactoring_10.9.0.202027031600.jar...
...loaded -> ch.actifsource.ui.refactoring
Loading file:/D:/Eclipse/eclipse-rcp-oxygen-3a-win32-x86_64/eclipse/plugins/ch.actifsource.ui.search.codesnippet_10.10.0.202005121415.jar...
...loaded -> ch.actifsource.ui.search.codesnippet
Loading file:/D:/Eclipse/eclipse-rcp-oxygen-3a-win32-x86_64/eclipse/plugins/ch.actifsource.ui.search.codesnippet_10.9.0.202027031600.jar...
...loaded -> ch.actifsource.ui.search.codesnippet
Loading file:/D:/Eclipse/eclipse-rcp-oxygen-3a-win32-x86_64/eclipse/plugins/ch.actifsource.ui.search.editor_10.10.0.202005121415.jar...
...loaded -> ch.actifsource.ui.search.editor
Loading file:/D:/Eclipse/eclipse-rcp-oxygen-3a-win32-x86_64/eclipse/plugins/ch.actifsource.ui.search.editor_10.9.0.202027031600.jar...
...loaded -> ch.actifsource.ui.search.editor
Loading file:/D:/Eclipse/eclipse-rcp-oxygen-3a-win32-x86_64/eclipse/plugins/ch.actifsource.ui.search.template_10.10.0.202005121415.jar...
...loaded -> ch.actifsource.ui.search.template
Loading file:/D:/Eclipse/eclipse-rcp-oxygen-3a-win32-x86_64/eclipse/plugins/ch.actifsource.ui.search.template_10.9.0.202027031600.jar...
...loaded -> ch.actifsource.ui.search.template
Loading file:/D:/Eclipse/eclipse-rcp-oxygen-3a-win32-x86_64/eclipse/plugins/ch.actifsource.ui.search_10.10.0.202005121415.jar...
...loaded -> ch.actifsource.ui.search
Loading file:/D:/Eclipse/eclipse-rcp-oxygen-3a-win32-x86_64/eclipse/plugins/ch.actifsource.ui.search_10.9.0.202027031600.jar...
...loaded -> ch.actifsource.ui.search
Loading file:/D:/Eclipse/eclipse-rcp-oxygen-3a-win32-x86_64/eclipse/plugins/ch.actifsource.ui.synchronize_10.10.0.202005121415.jar...
...loaded -> ch.actifsource.ui.synchronize
Loading file:/D:/Eclipse/eclipse-rcp-oxygen-3a-win32-x86_64/eclipse/plugins/ch.actifsource.ui.synchronize_10.9.0.202027031600.jar...
...loaded -> ch.actifsource.ui.synchronize
Loading file:/D:/Eclipse/eclipse-rcp-oxygen-3a-win32-x86_64/eclipse/plugins/ch.actifsource.ui.templateeditor_10.10.0.202005121415.jar...
...loaded -> ch.actifsource.ui.templateeditor
Loading file:/D:/Eclipse/eclipse-rcp-oxygen-3a-win32-x86_64/eclipse/plugins/ch.actifsource.ui.templateeditor_10.9.0.202027031600.jar...
...loaded -> ch.actifsource.ui.templateeditor
Loading file:/D:/Eclipse/eclipse-rcp-oxygen-3a-win32-x86_64/eclipse/plugins/ch.actifsource.ui.transientresource_10.10.0.202005121415.jar...
...loaded -> ch.actifsource.ui.transientresource
Loading file:/D:/Eclipse/eclipse-rcp-oxygen-3a-win32-x86_64/eclipse/plugins/ch.actifsource.ui.transientresource_10.9.0.202027031600.jar...
...loaded -> ch.actifsource.ui.transientresource
Loading file:/D:/Eclipse/eclipse-rcp-oxygen-3a-win32-x86_64/eclipse/plugins/ch.actifsource.ui.validator_10.10.0.202005121415.jar...
...loaded -> ch.actifsource.ui.validator
Loading file:/D:/Eclipse/eclipse-rcp-oxygen-3a-win32-x86_64/eclipse/plugins/ch.actifsource.ui.validator_10.9.0.202027031600.jar...
...loaded -> ch.actifsource.ui.validator
Loading file:/D:/Eclipse/eclipse-rcp-oxygen-3a-win32-x86_64/eclipse/plugins/ch.actifsource.ui.widget_10.10.0.202005121415.jar...
...loaded -> ch.actifsource.ui.widget
Loading file:/D:/Eclipse/eclipse-rcp-oxygen-3a-win32-x86_64/eclipse/plugins/ch.actifsource.ui.widget_10.9.0.202027031600.jar...
...loaded -> ch.actifsource.ui.widget
Loading file:/D:/Eclipse/eclipse-rcp-oxygen-3a-win32-x86_64/eclipse/plugins/ch.actifsource.ui.wizard.generic_10.10.0.202005121415.jar...
...loaded -> ch.actifsource.ui.wizard.generic
Loading file:/D:/Eclipse/eclipse-rcp-oxygen-3a-win32-x86_64/eclipse/plugins/ch.actifsource.ui.wizard.generic_10.9.0.202027031600.jar...
...loaded -> ch.actifsource.ui.wizard.generic
Loading file:/D:/Eclipse/eclipse-rcp-oxygen-3a-win32-x86_64/eclipse/plugins/ch.actifsource.ui.wizard_10.10.0.202005121415.jar...
...loaded -> ch.actifsource.ui.wizard
Loading file:/D:/Eclipse/eclipse-rcp-oxygen-3a-win32-x86_64/eclipse/plugins/ch.actifsource.ui.wizard_10.9.0.202027031600.jar...
...loaded -> ch.actifsource.ui.wizard
Loading file:/D:/Eclipse/eclipse-rcp-oxygen-3a-win32-x86_64/eclipse/plugins/ch.actifsource.util_10.10.0.202005121415.jar...
...loaded -> ch.actifsource.util
Loading file:/D:/Eclipse/eclipse-rcp-oxygen-3a-win32-x86_64/eclipse/plugins/ch.actifsource.util_10.9.0.202027031600.jar...
...loaded -> ch.actifsource.util
Loading file:/D:/Eclipse/eclipse-rcp-oxygen-3a-win32-x86_64/eclipse/plugins/ch.actifsource.xml_10.10.0.202005121415.jar...
...loaded -> ch.actifsource.xml
Loading file:/D:/Eclipse/eclipse-rcp-oxygen-3a-win32-x86_64/eclipse/plugins/ch.actifsource.xml_10.9.0.202027031600.jar...
...loaded -> ch.actifsource.xml
Loading file:/D:/Eclipse/eclipse-rcp-oxygen-3a-win32-x86_64/eclipse/plugins/ch.actifsource_10.10.0.202005121415.jar...
...loaded -> ch.actifsource
Loading file:/D:/Eclipse/eclipse-rcp-oxygen-3a-win32-x86_64/eclipse/plugins/ch.actifsource_10.9.0.202027031600.jar...
...loaded -> ch.actifsource
Loading file:/D:/Eclipse/eclipse-rcp-oxygen-3a-win32-x86_64/eclipse/plugins/ch.carrara.uuid_1.1.0.201809201700.jar...
...loaded -> ch.carrara.uuid
Loading file:/D:/Eclipse/eclipse-rcp-oxygen-3a-win32-x86_64/eclipse/plugins/ch.qos.logback.classic_1.0.7.v20121108-1250.jar...
...loaded -> ch.qos.logback.classic
Loading file:/D:/Eclipse/eclipse-rcp-oxygen-3a-win32-x86_64/eclipse/plugins/ch.qos.logback.core_1.0.7.v20121108-1250.jar...
...loaded -> ch.qos.logback.core
Loading file:/D:/Eclipse/eclipse-rcp-oxygen-3a-win32-x86_64/eclipse/plugins/ch.qos.logback.slf4j_1.0.7.v201505121915.jar...
...loaded -> ch.qos.logback.slf4j
Loading file:/D:/Eclipse/eclipse-rcp-oxygen-3a-win32-x86_64/eclipse/plugins/com.google.gerrit.common_2.1.5.v201112241444.jar...
...loaded -> com.google.gerrit.common
Loading file:/D:/Eclipse/eclipse-rcp-oxygen-3a-win32-x86_64/eclipse/plugins/com.google.gerrit.prettify_2.1.5.v201112241444.jar...
...loaded -> com.google.gerrit.prettify
Loading file:/D:/Eclipse/eclipse-rcp-oxygen-3a-win32-x86_64/eclipse/plugins/com.google.gerrit.reviewdb_2.1.5.v201112241444.jar...
...loaded -> com.google.gerrit.reviewdb
Loading file:/D:/Eclipse/eclipse-rcp-oxygen-3a-win32-x86_64/eclipse/plugins/com.google.gson_2.7.0.v20170129-0911.jar...
...loaded -> com.google.gson
Loading file:/D:/Eclipse/eclipse-rcp-oxygen-3a-win32-x86_64/eclipse/plugins/com.google.guava_15.0.0.v201403281430.jar...
...loaded -> com.google.guava
Loading file:/D:/Eclipse/eclipse-rcp-oxygen-3a-win32-x86_64/eclipse/plugins/com.google.guava_21.0.0.v20170206-1425.jar...
...loaded -> com.google.guava
Loading file:/D:/Eclipse/eclipse-rcp-oxygen-3a-win32-x86_64/eclipse/plugins/com.google.gwt.servlet_2.0.4.v20100709-0658.jar...
...loaded -> com.google.gwt.servlet
Loading file:/D:/Eclipse/eclipse-rcp-oxygen-3a-win32-x86_64/eclipse/plugins/com.google.gwtjsonrpc_1.2.5.v201112241444.jar...
...loaded -> com.google.gwtjsonrpc
Loading file:/D:/Eclipse/eclipse-rcp-oxygen-3a-win32-x86_64/eclipse/plugins/com.google.gwtorm_1.1.4.v201112241444.jar...
...loaded -> com.google.gwtorm
Loading file:/D:/Eclipse/eclipse-rcp-oxygen-3a-win32-x86_64/eclipse/plugins/com.google.inject.multibindings_3.0.0.v201402270930.jar...
...loaded -> com.google.inject.multibindings
Loading file:/D:/Eclipse/eclipse-rcp-oxygen-3a-win32-x86_64/eclipse/plugins/com.google.inject_3.0.0.v201312141243.jar...
...loaded -> com.google.inject
Loading file:/D:/Eclipse/eclipse-rcp-oxygen-3a-win32-x86_64/eclipse/plugins/com.gradleware.tooling.client_0.19.4.v20171108133209.jar...
...loaded -> com.gradleware.tooling.client
Loading file:/D:/Eclipse/eclipse-rcp-oxygen-3a-win32-x86_64/eclipse/plugins/com.gradleware.tooling.model_0.19.4.v20171108133209.jar...
...loaded -> com.gradleware.tooling.model
Loading file:/D:/Eclipse/eclipse-rcp-oxygen-3a-win32-x86_64/eclipse/plugins/com.gradleware.tooling.utils_0.19.4.v20171108133209.jar...
...loaded -> com.gradleware.tooling.utils
Loading file:/D:/Eclipse/eclipse-rcp-oxygen-3a-win32-x86_64/eclipse/plugins/com.ibm.icu.source_58.2.0.v20170418-1837.jar...
...loaded -> com.ibm.icu.source
Loading file:/D:/Eclipse/eclipse-rcp-oxygen-3a-win32-x86_64/eclipse/plugins/com.ibm.icu_58.2.0.v20170418-1837.jar...
...loaded -> com.ibm.icu
Loading file:/D:/Eclipse/eclipse-rcp-oxygen-3a-win32-x86_64/eclipse/plugins/com.jcraft.jsch.source_0.1.54.v20170116-1932.jar...
...loaded -> com.jcraft.jsch.source
Loading file:/D:/Eclipse/eclipse-rcp-oxygen-3a-win32-x86_64/eclipse/plugins/com.jcraft.jsch_0.1.54.v20170116-1932.jar...
...loaded -> com.jcraft.jsch
Loading file:/D:/Eclipse/eclipse-rcp-oxygen-3a-win32-x86_64/eclipse/plugins/com.sun.el.source_2.2.0.v201303151357.jar...
...loaded -> com.sun.el.source
Loading file:/D:/Eclipse/eclipse-rcp-oxygen-3a-win32-x86_64/eclipse/plugins/com.sun.el_2.2.0.v201303151357.jar...
...loaded -> com.sun.el
Loading file:/D:/Eclipse/eclipse-rcp-oxygen-3a-win32-x86_64/eclipse/plugins/com.sun.jna.platform_4.1.0.v20170410-1117.jar...
...loaded -> com.sun.jna.platform
Loading file:/D:/Eclipse/eclipse-rcp-oxygen-3a-win32-x86_64/eclipse/plugins/com.sun.jna_4.1.0.v20170410-1117.jar...
...loaded -> com.sun.jna
Loading file:/D:/Eclipse/eclipse-rcp-oxygen-3a-win32-x86_64/eclipse/plugins/com.trilead.ssh2_1.0.0.build220_r167_v20150618_1733.jar...
...loaded -> com.trilead.ssh2
Loading file:/D:/Eclipse/eclipse-rcp-oxygen-3a-win32-x86_64/eclipse/plugins/com.yourkit.profiler_2019.1.133.0.jar...
...loaded -> com.yourkit.profiler
Loading file:/D:/Eclipse/eclipse-rcp-oxygen-3a-win32-x86_64/eclipse/plugins/javaewah_1.1.6.v20160919-1400.jar...
...loaded -> javaewah
Loading file:/D:/Eclipse/eclipse-rcp-oxygen-3a-win32-x86_64/eclipse/plugins/javax.annotation.source_1.2.0.v201602091430.jar...
...loaded -> javax.annotation.source
Loading file:/D:/Eclipse/eclipse-rcp-oxygen-3a-win32-x86_64/eclipse/plugins/javax.annotation_1.2.0.v201602091430.jar...
...loaded -> javax.annotation
Loading file:/D:/Eclipse/eclipse-rcp-oxygen-3a-win32-x86_64/eclipse/plugins/javax.el.source_2.2.0.v201303151357.jar...
...loaded -> javax.el.source
Loading file:/D:/Eclipse/eclipse-rcp-oxygen-3a-win32-x86_64/eclipse/plugins/javax.el_2.2.0.v201303151357.jar...
...loaded -> javax.el
Loading file:/D:/Eclipse/eclipse-rcp-oxygen-3a-win32-x86_64/eclipse/plugins/javax.inject.source_1.0.0.v20091030.jar...
...loaded -> javax.inject.source
Loading file:/D:/Eclipse/eclipse-rcp-oxygen-3a-win32-x86_64/eclipse/plugins/javax.inject_1.0.0.v20091030.jar...
...loaded -> javax.inject
Loading file:/D:/Eclipse/eclipse-rcp-oxygen-3a-win32-x86_64/eclipse/plugins/javax.servlet.jsp.source_2.2.0.v201112011158.jar...
...loaded -> javax.servlet.jsp.source
Loading file:/D:/Eclipse/eclipse-rcp-oxygen-3a-win32-x86_64/eclipse/plugins/javax.servlet.jsp_2.2.0.v201112011158.jar...
...loaded -> javax.servlet.jsp
Loading file:/D:/Eclipse/eclipse-rcp-oxygen-3a-win32-x86_64/eclipse/plugins/javax.servlet.source_3.1.0.v201410161800.jar...
...loaded -> javax.servlet.source
Loading file:/D:/Eclipse/eclipse-rcp-oxygen-3a-win32-x86_64/eclipse/plugins/javax.servlet_3.0.0.v201112011016.jar...
...loaded -> javax.servlet
Loading file:/D:/Eclipse/eclipse-rcp-oxygen-3a-win32-x86_64/eclipse/plugins/javax.servlet_3.1.0.v201410161800.jar...
...loaded -> javax.servlet
Loading file:/D:/Eclipse/eclipse-rcp-oxygen-3a-win32-x86_64/eclipse/plugins/javax.xml_1.3.4.v201005080400.jar...
...loaded -> javax.xml
Loading file:/D:/Eclipse/eclipse-rcp-oxygen-3a-win32-x86_64/eclipse/plugins/org.apache.ant.source_1.10.1.v20170504-0840.jar...
...loaded -> org.apache.ant.source
Loading file:/D:/Eclipse/eclipse-rcp-oxygen-3a-win32-x86_64/eclipse/plugins/org.apache.batik.bridge_1.6.0.v201011041432.jar...
...loaded -> org.apache.batik.bridge
Loading file:/D:/Eclipse/eclipse-rcp-oxygen-3a-win32-x86_64/eclipse/plugins/org.apache.batik.css.source_1.8.0.v20170214-1941.jar...
...loaded -> org.apache.batik.css.source
Loading file:/D:/Eclipse/eclipse-rcp-oxygen-3a-win32-x86_64/eclipse/plugins/org.apache.batik.css_1.6.0.v201011041432.jar...
...loaded -> org.apache.batik.css
Loading file:/D:/Eclipse/eclipse-rcp-oxygen-3a-win32-x86_64/eclipse/plugins/org.apache.batik.css_1.8.0.v20170214-1941.jar...
...loaded -> org.apache.batik.css
Loading file:/D:/Eclipse/eclipse-rcp-oxygen-3a-win32-x86_64/eclipse/plugins/org.apache.batik.dom.svg_1.6.0.v201011041432.jar...
...loaded -> org.apache.batik.dom.svg
Loading file:/D:/Eclipse/eclipse-rcp-oxygen-3a-win32-x86_64/eclipse/plugins/org.apache.batik.dom_1.6.1.v201505192100.jar...
...loaded -> org.apache.batik.dom
Loading file:/D:/Eclipse/eclipse-rcp-oxygen-3a-win32-x86_64/eclipse/plugins/org.apache.batik.ext.awt_1.6.0.v201011041432.jar...
...loaded -> org.apache.batik.ext.awt
Loading file:/D:/Eclipse/eclipse-rcp-oxygen-3a-win32-x86_64/eclipse/plugins/org.apache.batik.parser_1.6.0.v201011041432.jar...
...loaded -> org.apache.batik.parser
Loading file:/D:/Eclipse/eclipse-rcp-oxygen-3a-win32-x86_64/eclipse/plugins/org.apache.batik.pdf_1.6.0.v201105071520.jar...
...loaded -> org.apache.batik.pdf
Loading file:/D:/Eclipse/eclipse-rcp-oxygen-3a-win32-x86_64/eclipse/plugins/org.apache.batik.svggen_1.6.0.v201011041432.jar...
...loaded -> org.apache.batik.svggen
Loading file:/D:/Eclipse/eclipse-rcp-oxygen-3a-win32-x86_64/eclipse/plugins/org.apache.batik.transcoder_1.6.0.v201011041432.jar...
...loaded -> org.apache.batik.transcoder
Loading file:/D:/Eclipse/eclipse-rcp-oxygen-3a-win32-x86_64/eclipse/plugins/org.apache.batik.util.gui.source_1.8.0.v20170214-1941.jar...
...loaded -> org.apache.batik.util.gui.source
Loading file:/D:/Eclipse/eclipse-rcp-oxygen-3a-win32-x86_64/eclipse/plugins/org.apache.batik.util.gui_1.6.0.v201011041432.jar...
...loaded -> org.apache.batik.util.gui
Loading file:/D:/Eclipse/eclipse-rcp-oxygen-3a-win32-x86_64/eclipse/plugins/org.apache.batik.util.gui_1.8.0.v20170214-1941.jar...
...loaded -> org.apache.batik.util.gui
Loading file:/D:/Eclipse/eclipse-rcp-oxygen-3a-win32-x86_64/eclipse/plugins/org.apache.batik.util.source_1.8.0.v20170214-1941.jar...
...loaded -> org.apache.batik.util.source
Loading file:/D:/Eclipse/eclipse-rcp-oxygen-3a-win32-x86_64/eclipse/plugins/org.apache.batik.util_1.6.0.v201011041432.jar...
...loaded -> org.apache.batik.util
Loading file:/D:/Eclipse/eclipse-rcp-oxygen-3a-win32-x86_64/eclipse/plugins/org.apache.batik.util_1.8.0.v20170214-1941.jar...
...loaded -> org.apache.batik.util
Loading file:/D:/Eclipse/eclipse-rcp-oxygen-3a-win32-x86_64/eclipse/plugins/org.apache.batik.xml_1.6.0.v201011041432.jar...
...loaded -> org.apache.batik.xml
Loading file:/D:/Eclipse/eclipse-rcp-oxygen-3a-win32-x86_64/eclipse/plugins/org.apache.commons.cli_1.2.0.v201404270220.jar...
...loaded -> org.apache.commons.cli
Loading file:/D:/Eclipse/eclipse-rcp-oxygen-3a-win32-x86_64/eclipse/plugins/org.apache.commons.codec_1.9.0.v20170208-1614.jar...
...loaded -> org.apache.commons.codec
Loading file:/D:/Eclipse/eclipse-rcp-oxygen-3a-win32-x86_64/eclipse/plugins/org.apache.commons.compress_1.6.0.v201310281400.jar...
...loaded -> org.apache.commons.compress
Loading file:/D:/Eclipse/eclipse-rcp-oxygen-3a-win32-x86_64/eclipse/plugins/org.apache.commons.httpclient_3.1.0.v201012070820.jar...
...loaded -> org.apache.commons.httpclient
Loading file:/D:/Eclipse/eclipse-rcp-oxygen-3a-win32-x86_64/eclipse/plugins/org.apache.commons.io_2.2.0.v201405211200.jar...
...loaded -> org.apache.commons.io
Loading file:/D:/Eclipse/eclipse-rcp-oxygen-3a-win32-x86_64/eclipse/plugins/org.apache.commons.jxpath.source_1.3.0.v200911051830.jar...
...loaded -> org.apache.commons.jxpath.source
Loading file:/D:/Eclipse/eclipse-rcp-oxygen-3a-win32-x86_64/eclipse/plugins/org.apache.commons.jxpath_1.3.0.v200911051830.jar...
...loaded -> org.apache.commons.jxpath
Loading file:/D:/Eclipse/eclipse-rcp-oxygen-3a-win32-x86_64/eclipse/plugins/org.apache.commons.lang3_3.1.0.v201403281430.jar...
...loaded -> org.apache.commons.lang3
Loading file:/D:/Eclipse/eclipse-rcp-oxygen-3a-win32-x86_64/eclipse/plugins/org.apache.commons.lang_2.6.0.v201404270220.jar...
...loaded -> org.apache.commons.lang
Loading file:/D:/Eclipse/eclipse-rcp-oxygen-3a-win32-x86_64/eclipse/plugins/org.apache.commons.logging.source_1.1.1.v201101211721.jar...
...loaded -> org.apache.commons.logging.source
Loading file:/D:/Eclipse/eclipse-rcp-oxygen-3a-win32-x86_64/eclipse/plugins/org.apache.commons.logging_1.1.1.v201101211721.jar...
...loaded -> org.apache.commons.logging
Loading file:/D:/Eclipse/eclipse-rcp-oxygen-3a-win32-x86_64/eclipse/plugins/org.apache.commons.math_2.1.0.v201105210652.jar...
...loaded -> org.apache.commons.math
Loading file:/D:/Eclipse/eclipse-rcp-oxygen-3a-win32-x86_64/eclipse/plugins/org.apache.commons.pool_1.6.0.v201204271246.jar...
...loaded -> org.apache.commons.pool
Loading file:/D:/Eclipse/eclipse-rcp-oxygen-3a-win32-x86_64/eclipse/plugins/org.apache.felix.gogo.command.source_0.10.0.v201209301215.jar...
...loaded -> org.apache.felix.gogo.command.source
Loading file:/D:/Eclipse/eclipse-rcp-oxygen-3a-win32-x86_64/eclipse/plugins/org.apache.felix.gogo.command_0.10.0.v201209301215.jar...
...loaded -> org.apache.felix.gogo.command
Loading file:/D:/Eclipse/eclipse-rcp-oxygen-3a-win32-x86_64/eclipse/plugins/org.apache.felix.gogo.runtime.source_0.10.0.v201209301036.jar...
...loaded -> org.apache.felix.gogo.runtime.source
Loading file:/D:/Eclipse/eclipse-rcp-oxygen-3a-win32-x86_64/eclipse/plugins/org.apache.felix.gogo.runtime_0.10.0.v201209301036.jar...
...loaded -> org.apache.felix.gogo.runtime
Loading file:/D:/Eclipse/eclipse-rcp-oxygen-3a-win32-x86_64/eclipse/plugins/org.apache.felix.gogo.shell.source_0.10.0.v201212101605.jar...
...loaded -> org.apache.felix.gogo.shell.source
Loading file:/D:/Eclipse/eclipse-rcp-oxygen-3a-win32-x86_64/eclipse/plugins/org.apache.felix.gogo.shell_0.10.0.v201212101605.jar...
...loaded -> org.apache.felix.gogo.shell
Loading file:/D:/Eclipse/eclipse-rcp-oxygen-3a-win32-x86_64/eclipse/plugins/org.apache.felix.scr.source_2.0.10.v20170501-2007.jar...
...loaded -> org.apache.felix.scr.source
Loading file:/D:/Eclipse/eclipse-rcp-oxygen-3a-win32-x86_64/eclipse/plugins/org.apache.felix.scr_2.0.10.v20170501-2007.jar...
...loaded -> org.apache.felix.scr
Loading file:/D:/Eclipse/eclipse-rcp-oxygen-3a-win32-x86_64/eclipse/plugins/org.apache.httpcomponents.httpclient.win_4.5.2.v20170410-1149.jar...
...loaded -> org.apache.httpcomponents.httpclient.win
Loading file:/D:/Eclipse/eclipse-rcp-oxygen-3a-win32-x86_64/eclipse/plugins/org.apache.httpcomponents.httpclient_4.5.2.v20170210-0925.jar...
...loaded -> org.apache.httpcomponents.httpclient
Loading file:/D:/Eclipse/eclipse-rcp-oxygen-3a-win32-x86_64/eclipse/plugins/org.apache.httpcomponents.httpcore_4.4.6.v20170210-0925.jar...
...loaded -> org.apache.httpcomponents.httpcore
Loading file:/D:/Eclipse/eclipse-rcp-oxygen-3a-win32-x86_64/eclipse/plugins/org.apache.jasper.glassfish.source_2.2.2.v201501141630.jar...
...loaded -> org.apache.jasper.glassfish.source
Loading file:/D:/Eclipse/eclipse-rcp-oxygen-3a-win32-x86_64/eclipse/plugins/org.apache.jasper.glassfish_2.2.2.v201501141630.jar...
...loaded -> org.apache.jasper.glassfish
Loading file:/D:/Eclipse/eclipse-rcp-oxygen-3a-win32-x86_64/eclipse/plugins/org.apache.log4j_1.2.15.v201012070815.jar...
...loaded -> org.apache.log4j
Loading file:/D:/Eclipse/eclipse-rcp-oxygen-3a-win32-x86_64/eclipse/plugins/org.apache.lucene.analyzers-common.source_6.1.0.v20161115-1612.jar...
...loaded -> org.apache.lucene.analyzers-common.source
Loading file:/D:/Eclipse/eclipse-rcp-oxygen-3a-win32-x86_64/eclipse/plugins/org.apache.lucene.analyzers-common_6.1.0.v20161115-1612.jar...
...loaded -> org.apache.lucene.analyzers-common
Loading file:/D:/Eclipse/eclipse-rcp-oxygen-3a-win32-x86_64/eclipse/plugins/org.apache.lucene.analyzers-smartcn.source_6.1.0.v20161115-1612.jar...
...loaded -> org.apache.lucene.analyzers-smartcn.source
Loading file:/D:/Eclipse/eclipse-rcp-oxygen-3a-win32-x86_64/eclipse/plugins/org.apache.lucene.analyzers-smartcn_6.1.0.v20161115-1612.jar...
...loaded -> org.apache.lucene.analyzers-smartcn
Loading file:/D:/Eclipse/eclipse-rcp-oxygen-3a-win32-x86_64/eclipse/plugins/org.apache.lucene.core.source_6.1.0.v20170814-1820.jar...
...loaded -> org.apache.lucene.core.source
Loading file:/D:/Eclipse/eclipse-rcp-oxygen-3a-win32-x86_64/eclipse/plugins/org.apache.lucene.core_3.5.0.v20120725-1805.jar...
...loaded -> org.apache.lucene.core
Loading file:/D:/Eclipse/eclipse-rcp-oxygen-3a-win32-x86_64/eclipse/plugins/org.apache.lucene.core_6.1.0.v20170814-1820.jar...
...loaded -> org.apache.lucene.core
Loading file:/D:/Eclipse/eclipse-rcp-oxygen-3a-win32-x86_64/eclipse/plugins/org.apache.lucene.misc.source_6.1.0.v20161115-1612.jar...
...loaded -> org.apache.lucene.misc.source
Loading file:/D:/Eclipse/eclipse-rcp-oxygen-3a-win32-x86_64/eclipse/plugins/org.apache.lucene.misc_6.1.0.v20161115-1612.jar...
...loaded -> org.apache.lucene.misc
Loading file:/D:/Eclipse/eclipse-rcp-oxygen-3a-win32-x86_64/eclipse/plugins/org.apache.lucene.queryparser_6.1.0.v20161115-1612.jar...
...loaded -> org.apache.lucene.queryparser
Loading file:/D:/Eclipse/eclipse-rcp-oxygen-3a-win32-x86_64/eclipse/plugins/org.apache.maven.resolver.api_1.0.3.v20170405-0725.jar...
...loaded -> org.apache.maven.resolver.api
Loading file:/D:/Eclipse/eclipse-rcp-oxygen-3a-win32-x86_64/eclipse/plugins/org.apache.maven.resolver.connector.basic_1.0.3.v20170405-0725.jar...
...loaded -> org.apache.maven.resolver.connector.basic
Loading file:/D:/Eclipse/eclipse-rcp-oxygen-3a-win32-x86_64/eclipse/plugins/org.apache.maven.resolver.impl_1.0.3.v20170405-0725.jar...
...loaded -> org.apache.maven.resolver.impl
Loading file:/D:/Eclipse/eclipse-rcp-oxygen-3a-win32-x86_64/eclipse/plugins/org.apache.maven.resolver.spi_1.0.3.v20170405-0725.jar...
...loaded -> org.apache.maven.resolver.spi
Loading file:/D:/Eclipse/eclipse-rcp-oxygen-3a-win32-x86_64/eclipse/plugins/org.apache.maven.resolver.transport.file_1.0.3.v20170405-0725.jar...
...loaded -> org.apache.maven.resolver.transport.file
Loading file:/D:/Eclipse/eclipse-rcp-oxygen-3a-win32-x86_64/eclipse/plugins/org.apache.maven.resolver.transport.http_1.0.3.v20170405-0725.jar...
...loaded -> org.apache.maven.resolver.transport.http
Loading file:/D:/Eclipse/eclipse-rcp-oxygen-3a-win32-x86_64/eclipse/plugins/org.apache.maven.resolver.util_1.0.3.v20170405-0725.jar...
...loaded -> org.apache.maven.resolver.util
Loading file:/D:/Eclipse/eclipse-rcp-oxygen-3a-win32-x86_64/eclipse/plugins/org.apache.solr.client.solrj_3.5.0.v20150506-0844.jar...
...loaded -> org.apache.solr.client.solrj
Loading file:/D:/Eclipse/eclipse-rcp-oxygen-3a-win32-x86_64/eclipse/plugins/org.apache.ws.commons.util_1.0.1.v20100518-1140.jar...
...loaded -> org.apache.ws.commons.util
Loading file:/D:/Eclipse/eclipse-rcp-oxygen-3a-win32-x86_64/eclipse/plugins/org.apache.xerces_2.9.0.v201101211617.jar...
...loaded -> org.apache.xerces
Loading file:/D:/Eclipse/eclipse-rcp-oxygen-3a-win32-x86_64/eclipse/plugins/org.apache.xml.resolver_1.2.0.v201005080400.jar...
...loaded -> org.apache.xml.resolver
Loading file:/D:/Eclipse/eclipse-rcp-oxygen-3a-win32-x86_64/eclipse/plugins/org.apache.xml.serializer_2.7.1.v201005080400.jar...
...loaded -> org.apache.xml.serializer
Loading file:/D:/Eclipse/eclipse-rcp-oxygen-3a-win32-x86_64/eclipse/plugins/org.apache.xmlrpc_3.0.0.v20100427-1100.jar...
...loaded -> org.apache.xmlrpc
Loading file:/D:/Eclipse/eclipse-rcp-oxygen-3a-win32-x86_64/eclipse/plugins/org.apiguardian_1.0.0.v20170910-2246.jar...
...loaded -> org.apiguardian
Loading file:/D:/Eclipse/eclipse-rcp-oxygen-3a-win32-x86_64/eclipse/plugins/org.eclipse.aether.maven_3.1.0.v20140706-2237.jar...
...loaded -> org.eclipse.aether.maven
Loading file:/D:/Eclipse/eclipse-rcp-oxygen-3a-win32-x86_64/eclipse/plugins/org.eclipse.ant.core.source_3.5.0.v20170509-2149.jar...
...loaded -> org.eclipse.ant.core.source
Loading file:/D:/Eclipse/eclipse-rcp-oxygen-3a-win32-x86_64/eclipse/plugins/org.eclipse.ant.core_3.5.0.v20170509-2149.jar...
...loaded -> org.eclipse.ant.core
Loading file:/D:/Eclipse/eclipse-rcp-oxygen-3a-win32-x86_64/eclipse/plugins/org.eclipse.ant.launching_1.2.1.v20171108-0853.jar...
...loaded -> org.eclipse.ant.launching
Loading file:/D:/Eclipse/eclipse-rcp-oxygen-3a-win32-x86_64/eclipse/plugins/org.eclipse.ant.ui_3.7.0.v20170412-1054.jar...
...loaded -> org.eclipse.ant.ui
Loading file:/D:/Eclipse/eclipse-rcp-oxygen-3a-win32-x86_64/eclipse/plugins/org.eclipse.buildship.branding_2.2.1.v20180125-1441.jar...
...loaded -> org.eclipse.buildship.branding
Loading file:/D:/Eclipse/eclipse-rcp-oxygen-3a-win32-x86_64/eclipse/plugins/org.eclipse.buildship.core_2.2.1.v20180125-1441.jar...
...loaded -> org.eclipse.buildship.core
Loading file:/D:/Eclipse/eclipse-rcp-oxygen-3a-win32-x86_64/eclipse/plugins/org.eclipse.buildship.stsmigration_2.2.1.v20180125-1441.jar...
...loaded -> org.eclipse.buildship.stsmigration
Loading file:/D:/Eclipse/eclipse-rcp-oxygen-3a-win32-x86_64/eclipse/plugins/org.eclipse.buildship.ui_2.2.1.v20180125-1441.jar...
...loaded -> org.eclipse.buildship.ui
Loading file:/D:/Eclipse/eclipse-rcp-oxygen-3a-win32-x86_64/eclipse/plugins/org.eclipse.compare.core.source_3.6.100.v20170516-0820.jar...
...loaded -> org.eclipse.compare.core.source
Loading file:/D:/Eclipse/eclipse-rcp-oxygen-3a-win32-x86_64/eclipse/plugins/org.eclipse.compare.core_3.6.100.v20170516-0820.jar...
...loaded -> org.eclipse.compare.core
Loading file:/D:/Eclipse/eclipse-rcp-oxygen-3a-win32-x86_64/eclipse/plugins/org.eclipse.compare.source_3.7.101.v20170724-1603.jar...
...loaded -> org.eclipse.compare.source
Loading file:/D:/Eclipse/eclipse-rcp-oxygen-3a-win32-x86_64/eclipse/plugins/org.eclipse.compare.win32.source_1.2.0.v20170517-0839.jar...
...loaded -> org.eclipse.compare.win32.source
Loading file:/D:/Eclipse/eclipse-rcp-oxygen-3a-win32-x86_64/eclipse/plugins/org.eclipse.compare.win32_1.2.0.v20170517-0839.jar...
...loaded -> org.eclipse.compare.win32
Loading file:/D:/Eclipse/eclipse-rcp-oxygen-3a-win32-x86_64/eclipse/plugins/org.eclipse.compare_3.7.101.v20170724-1603.jar...
...loaded -> org.eclipse.compare
Loading file:/D:/Eclipse/eclipse-rcp-oxygen-3a-win32-x86_64/eclipse/plugins/org.eclipse.core.commands.source_3.9.0.v20170530-1048.jar...
...loaded -> org.eclipse.core.commands.source
Loading file:/D:/Eclipse/eclipse-rcp-oxygen-3a-win32-x86_64/eclipse/plugins/org.eclipse.core.commands_3.9.0.v20170530-1048.jar...
...loaded -> org.eclipse.core.commands
Loading file:/D:/Eclipse/eclipse-rcp-oxygen-3a-win32-x86_64/eclipse/plugins/org.eclipse.core.contenttype.source_3.6.0.v20170207-1037.jar...
...loaded -> org.eclipse.core.contenttype.source
Loading file:/D:/Eclipse/eclipse-rcp-oxygen-3a-win32-x86_64/eclipse/plugins/org.eclipse.core.contenttype_3.6.0.v20170207-1037.jar...
...loaded -> org.eclipse.core.contenttype
Loading file:/D:/Eclipse/eclipse-rcp-oxygen-3a-win32-x86_64/eclipse/plugins/org.eclipse.core.databinding.beans.source_1.4.0.v20170210-0856.jar...
...loaded -> org.eclipse.core.databinding.beans.source
Loading file:/D:/Eclipse/eclipse-rcp-oxygen-3a-win32-x86_64/eclipse/plugins/org.eclipse.core.databinding.beans_1.4.0.v20170210-0856.jar...
...loaded -> org.eclipse.core.databinding.beans
Loading file:/D:/Eclipse/eclipse-rcp-oxygen-3a-win32-x86_64/eclipse/plugins/org.eclipse.core.databinding.observable.source_1.6.100.v20170515-1119.jar...
...loaded -> org.eclipse.core.databinding.observable.source
Loading file:/D:/Eclipse/eclipse-rcp-oxygen-3a-win32-x86_64/eclipse/plugins/org.eclipse.core.databinding.observable_1.6.100.v20170515-1119.jar...
...loaded -> org.eclipse.core.databinding.observable
Loading file:/D:/Eclipse/eclipse-rcp-oxygen-3a-win32-x86_64/eclipse/plugins/org.eclipse.core.databinding.property.source_1.6.100.v20170515-1119.jar...
...loaded -> org.eclipse.core.databinding.property.source
Loading file:/D:/Eclipse/eclipse-rcp-oxygen-3a-win32-x86_64/eclipse/plugins/org.eclipse.core.databinding.property_1.6.100.v20170515-1119.jar...
...loaded -> org.eclipse.core.databinding.property
Loading file:/D:/Eclipse/eclipse-rcp-oxygen-3a-win32-x86_64/eclipse/plugins/org.eclipse.core.databinding.source_1.6.100.v20170515-1119.jar...
...loaded -> org.eclipse.core.databinding.source
Loading file:/D:/Eclipse/eclipse-rcp-oxygen-3a-win32-x86_64/eclipse/plugins/org.eclipse.core.databinding_1.6.100.v20170515-1119.jar...
...loaded -> org.eclipse.core.databinding
Loading file:/D:/Eclipse/eclipse-rcp-oxygen-3a-win32-x86_64/eclipse/plugins/org.eclipse.core.expressions.source_3.6.0.v20170207-1037.jar...
...loaded -> org.eclipse.core.expressions.source
Loading file:/D:/Eclipse/eclipse-rcp-oxygen-3a-win32-x86_64/eclipse/plugins/org.eclipse.core.expressions_3.6.0.v20170207-1037.jar...
...loaded -> org.eclipse.core.expressions
Loading file:/D:/Eclipse/eclipse-rcp-oxygen-3a-win32-x86_64/eclipse/plugins/org.eclipse.core.externaltools.source_1.1.0.v20170113-2056.jar...
...loaded -> org.eclipse.core.externaltools.source
Loading file:/D:/Eclipse/eclipse-rcp-oxygen-3a-win32-x86_64/eclipse/plugins/org.eclipse.core.externaltools_1.1.0.v20170113-2056.jar...
...loaded -> org.eclipse.core.externaltools
Loading file:/D:/Eclipse/eclipse-rcp-oxygen-3a-win32-x86_64/eclipse/plugins/org.eclipse.core.filebuffers.source_3.6.100.v20170203-1130.jar...
...loaded -> org.eclipse.core.filebuffers.source
Loading file:/D:/Eclipse/eclipse-rcp-oxygen-3a-win32-x86_64/eclipse/plugins/org.eclipse.core.filebuffers_3.6.100.v20170203-1130.jar...
...loaded -> org.eclipse.core.filebuffers
Loading file:/D:/Eclipse/eclipse-rcp-oxygen-3a-win32-x86_64/eclipse/plugins/org.eclipse.core.filesystem.source_1.7.0.v20170406-1337.jar...
...loaded -> org.eclipse.core.filesystem.source
Loading file:/D:/Eclipse/eclipse-rcp-oxygen-3a-win32-x86_64/eclipse/plugins/org.eclipse.core.filesystem.win32.x86_64_1.4.0.v20140124-1940.jar...
...loaded -> org.eclipse.core.filesystem.win32.x86_64
Loading file:/D:/Eclipse/eclipse-rcp-oxygen-3a-win32-x86_64/eclipse/plugins/org.eclipse.core.filesystem_1.7.0.v20170406-1337.jar...
...loaded -> org.eclipse.core.filesystem
Loading file:/D:/Eclipse/eclipse-rcp-oxygen-3a-win32-x86_64/eclipse/plugins/org.eclipse.core.jobs.source_3.9.3.v20180115-1757.jar...
...loaded -> org.eclipse.core.jobs.source
Loading file:/D:/Eclipse/eclipse-rcp-oxygen-3a-win32-x86_64/eclipse/plugins/org.eclipse.core.jobs_3.9.3.v20180115-1757.jar...
...loaded -> org.eclipse.core.jobs
Loading file:/D:/Eclipse/eclipse-rcp-oxygen-3a-win32-x86_64/eclipse/plugins/org.eclipse.core.net.source_1.3.100.v20170516-0820.jar...
...loaded -> org.eclipse.core.net.source
Loading file:/D:/Eclipse/eclipse-rcp-oxygen-3a-win32-x86_64/eclipse/plugins/org.eclipse.core.net.win32.x86_64_1.1.0.v20160323-1650.jar...
...loaded -> org.eclipse.core.net.win32.x86_64
Loading file:/D:/Eclipse/eclipse-rcp-oxygen-3a-win32-x86_64/eclipse/plugins/org.eclipse.core.net_1.3.100.v20170516-0820.jar...
...loaded -> org.eclipse.core.net
Loading file:/D:/Eclipse/eclipse-rcp-oxygen-3a-win32-x86_64/eclipse/plugins/org.eclipse.core.resources.source_3.12.0.v20170417-1558.jar...
...loaded -> org.eclipse.core.resources.source
Loading file:/D:/Eclipse/eclipse-rcp-oxygen-3a-win32-x86_64/eclipse/plugins/org.eclipse.core.resources.win32.x86_64_3.5.100.v20170516-0925.jar...
...loaded -> org.eclipse.core.resources.win32.x86_64
Loading file:/D:/Eclipse/eclipse-rcp-oxygen-3a-win32-x86_64/eclipse/plugins/org.eclipse.core.resources_3.12.0.v20170417-1558.jar...
...loaded -> org.eclipse.core.resources
Loading file:/D:/Eclipse/eclipse-rcp-oxygen-3a-win32-x86_64/eclipse/plugins/org.eclipse.core.runtime.source_3.13.0.v20170207-1030.jar...
...loaded -> org.eclipse.core.runtime.source
Loading file:/D:/Eclipse/eclipse-rcp-oxygen-3a-win32-x86_64/eclipse/plugins/org.eclipse.core.runtime_3.13.0.v20170207-1030.jar...
...loaded -> org.eclipse.core.runtime
Loading file:/D:/Eclipse/eclipse-rcp-oxygen-3a-win32-x86_64/eclipse/plugins/org.eclipse.core.variables.source_3.4.0.v20170113-2056.jar...
...loaded -> org.eclipse.core.variables.source
Loading file:/D:/Eclipse/eclipse-rcp-oxygen-3a-win32-x86_64/eclipse/plugins/org.eclipse.core.variables_3.4.0.v20170113-2056.jar...
...loaded -> org.eclipse.core.variables
Loading file:/D:/Eclipse/eclipse-rcp-oxygen-3a-win32-x86_64/eclipse/plugins/org.eclipse.debug.core.source_3.11.0.v20170605-1534.jar...
...loaded -> org.eclipse.debug.core.source
Loading file:/D:/Eclipse/eclipse-rcp-oxygen-3a-win32-x86_64/eclipse/plugins/org.eclipse.debug.core_3.11.0.v20170605-1534.jar...
...loaded -> org.eclipse.debug.core
Loading file:/D:/Eclipse/eclipse-rcp-oxygen-3a-win32-x86_64/eclipse/plugins/org.eclipse.debug.ui.source_3.12.50.v20170920-1329.jar...
...loaded -> org.eclipse.debug.ui.source
Loading file:/D:/Eclipse/eclipse-rcp-oxygen-3a-win32-x86_64/eclipse/plugins/org.eclipse.debug.ui_3.12.50.v20170920-1329.jar...
...loaded -> org.eclipse.debug.ui
Loading file:/D:/Eclipse/eclipse-rcp-oxygen-3a-win32-x86_64/eclipse/plugins/org.eclipse.draw2d_3.10.100.201606061308.jar...
...loaded -> org.eclipse.draw2d
Loading file:/D:/Eclipse/eclipse-rcp-oxygen-3a-win32-x86_64/eclipse/plugins/org.eclipse.e4.core.commands.source_0.12.100.v20170513-0428.jar...
...loaded -> org.eclipse.e4.core.commands.source
Loading file:/D:/Eclipse/eclipse-rcp-oxygen-3a-win32-x86_64/eclipse/plugins/org.eclipse.e4.core.commands_0.12.100.v20170513-0428.jar...
...loaded -> org.eclipse.e4.core.commands
Loading file:/D:/Eclipse/eclipse-rcp-oxygen-3a-win32-x86_64/eclipse/plugins/org.eclipse.e4.core.contexts.source_1.6.0.v20170322-1144.jar...
...loaded -> org.eclipse.e4.core.contexts.source
Loading file:/D:/Eclipse/eclipse-rcp-oxygen-3a-win32-x86_64/eclipse/plugins/org.eclipse.e4.core.contexts_1.6.0.v20170322-1144.jar...
...loaded -> org.eclipse.e4.core.contexts
Loading file:/D:/Eclipse/eclipse-rcp-oxygen-3a-win32-x86_64/eclipse/plugins/org.eclipse.e4.core.di.annotations.source_1.6.0.v20170119-2002.jar...
...loaded -> org.eclipse.e4.core.di.annotations.source
Loading file:/D:/Eclipse/eclipse-rcp-oxygen-3a-win32-x86_64/eclipse/plugins/org.eclipse.e4.core.di.annotations_1.6.0.v20170119-2002.jar...
...loaded -> org.eclipse.e4.core.di.annotations
Loading file:/D:/Eclipse/eclipse-rcp-oxygen-3a-win32-x86_64/eclipse/plugins/org.eclipse.e4.core.di.extensions.source_0.15.0.v20170228-1728.jar...
...loaded -> org.eclipse.e4.core.di.extensions.source
Loading file:/D:/Eclipse/eclipse-rcp-oxygen-3a-win32-x86_64/eclipse/plugins/org.eclipse.e4.core.di.extensions.supplier.source_0.15.0.v20170407-0928.jar...
...loaded -> org.eclipse.e4.core.di.extensions.supplier.source
Loading file:/D:/Eclipse/eclipse-rcp-oxygen-3a-win32-x86_64/eclipse/plugins/org.eclipse.e4.core.di.extensions.supplier_0.15.0.v20170407-0928.jar...
...loaded -> org.eclipse.e4.core.di.extensions.supplier
Loading file:/D:/Eclipse/eclipse-rcp-oxygen-3a-win32-x86_64/eclipse/plugins/org.eclipse.e4.core.di.extensions_0.15.0.v20170228-1728.jar...
...loaded -> org.eclipse.e4.core.di.extensions
Loading file:/D:/Eclipse/eclipse-rcp-oxygen-3a-win32-x86_64/eclipse/plugins/org.eclipse.e4.core.di.source_1.6.100.v20170421-1418.jar...
...loaded -> org.eclipse.e4.core.di.source
Loading file:/D:/Eclipse/eclipse-rcp-oxygen-3a-win32-x86_64/eclipse/plugins/org.eclipse.e4.core.di_1.6.100.v20170421-1418.jar...
...loaded -> org.eclipse.e4.core.di
Loading file:/D:/Eclipse/eclipse-rcp-oxygen-3a-win32-x86_64/eclipse/plugins/org.eclipse.e4.core.services.source_2.1.0.v20170407-0928.jar...
...loaded -> org.eclipse.e4.core.services.source
Loading file:/D:/Eclipse/eclipse-rcp-oxygen-3a-win32-x86_64/eclipse/plugins/org.eclipse.e4.core.services_2.1.0.v20170407-0928.jar...
...loaded -> org.eclipse.e4.core.services
Loading file:/D:/Eclipse/eclipse-rcp-oxygen-3a-win32-x86_64/eclipse/plugins/org.eclipse.e4.emf.xpath.source_0.2.0.v20160630-0728.jar...
...loaded -> org.eclipse.e4.emf.xpath.source
Loading file:/D:/Eclipse/eclipse-rcp-oxygen-3a-win32-x86_64/eclipse/plugins/org.eclipse.e4.emf.xpath_0.2.0.v20160630-0728.jar...
...loaded -> org.eclipse.e4.emf.xpath
Loading file:/D:/Eclipse/eclipse-rcp-oxygen-3a-win32-x86_64/eclipse/plugins/org.eclipse.e4.tools.compat_4.7.0.v20170112-0731.jar...
...loaded -> org.eclipse.e4.tools.compat
Loading file:/D:/Eclipse/eclipse-rcp-oxygen-3a-win32-x86_64/eclipse/plugins/org.eclipse.e4.tools.emf.editor3x_4.7.0.v20170301-2031.jar...
...loaded -> org.eclipse.e4.tools.emf.editor3x
Loading file:/D:/Eclipse/eclipse-rcp-oxygen-3a-win32-x86_64/eclipse/plugins/org.eclipse.e4.tools.emf.ui_4.5.200.v20170515-1617.jar...
...loaded -> org.eclipse.e4.tools.emf.ui
Loading file:/D:/Eclipse/eclipse-rcp-oxygen-3a-win32-x86_64/eclipse/plugins/org.eclipse.e4.tools.jdt.templates_4.7.0.v20161219-1049.jar...
...loaded -> org.eclipse.e4.tools.jdt.templates
Loading file:/D:/Eclipse/eclipse-rcp-oxygen-3a-win32-x86_64/eclipse/plugins/org.eclipse.e4.tools.services_4.7.0.v20170105-1247.jar...
...loaded -> org.eclipse.e4.tools.services
Loading file:/D:/Eclipse/eclipse-rcp-oxygen-3a-win32-x86_64/eclipse/plugins/org.eclipse.e4.tools_4.7.0.v20170412-0858.jar...
...loaded -> org.eclipse.e4.tools
Loading file:/D:/Eclipse/eclipse-rcp-oxygen-3a-win32-x86_64/eclipse/plugins/org.eclipse.e4.ui.bindings.source_0.12.1.v20170823-1632.jar...
...loaded -> org.eclipse.e4.ui.bindings.source
Loading file:/D:/Eclipse/eclipse-rcp-oxygen-3a-win32-x86_64/eclipse/plugins/org.eclipse.e4.ui.bindings_0.12.1.v20170823-1632.jar...
...loaded -> org.eclipse.e4.ui.bindings
Loading file:/D:/Eclipse/eclipse-rcp-oxygen-3a-win32-x86_64/eclipse/plugins/org.eclipse.e4.ui.css.core.source_0.12.101.v20170712-1547.jar...
...loaded -> org.eclipse.e4.ui.css.core.source
Loading file:/D:/Eclipse/eclipse-rcp-oxygen-3a-win32-x86_64/eclipse/plugins/org.eclipse.e4.ui.css.core_0.12.101.v20170712-1547.jar...
...loaded -> org.eclipse.e4.ui.css.core
Loading file:/D:/Eclipse/eclipse-rcp-oxygen-3a-win32-x86_64/eclipse/plugins/org.eclipse.e4.ui.css.swt.source_0.13.1.v20170808-1940.jar...
...loaded -> org.eclipse.e4.ui.css.swt.source
Loading file:/D:/Eclipse/eclipse-rcp-oxygen-3a-win32-x86_64/eclipse/plugins/org.eclipse.e4.ui.css.swt.theme.source_0.11.0.v20170312-2302.jar...
...loaded -> org.eclipse.e4.ui.css.swt.theme.source
Loading file:/D:/Eclipse/eclipse-rcp-oxygen-3a-win32-x86_64/eclipse/plugins/org.eclipse.e4.ui.css.swt.theme_0.11.0.v20170312-2302.jar...
...loaded -> org.eclipse.e4.ui.css.swt.theme
Loading file:/D:/Eclipse/eclipse-rcp-oxygen-3a-win32-x86_64/eclipse/plugins/org.eclipse.e4.ui.css.swt_0.13.1.v20170808-1940.jar...
...loaded -> org.eclipse.e4.ui.css.swt
Loading file:/D:/Eclipse/eclipse-rcp-oxygen-3a-win32-x86_64/eclipse/plugins/org.eclipse.e4.ui.di.source_1.2.100.v20170414-1137.jar...
...loaded -> org.eclipse.e4.ui.di.source
Loading file:/D:/Eclipse/eclipse-rcp-oxygen-3a-win32-x86_64/eclipse/plugins/org.eclipse.e4.ui.dialogs.source_1.1.100.v20170104-1425.jar...
...loaded -> org.eclipse.e4.ui.dialogs.source
Loading file:/D:/Eclipse/eclipse-rcp-oxygen-3a-win32-x86_64/eclipse/plugins/org.eclipse.e4.ui.dialogs_1.1.100.v20170104-1425.jar...
...loaded -> org.eclipse.e4.ui.dialogs
Loading file:/D:/Eclipse/eclipse-rcp-oxygen-3a-win32-x86_64/eclipse/plugins/org.eclipse.e4.ui.di_1.2.100.v20170414-1137.jar...
...loaded -> org.eclipse.e4.ui.di
Loading file:/D:/Eclipse/eclipse-rcp-oxygen-3a-win32-x86_64/eclipse/plugins/org.eclipse.e4.ui.model.workbench.source_2.0.1.v20170713-1800.jar...
...loaded -> org.eclipse.e4.ui.model.workbench.source
Loading file:/D:/Eclipse/eclipse-rcp-oxygen-3a-win32-x86_64/eclipse/plugins/org.eclipse.e4.ui.model.workbench_2.0.1.v20170713-1800.jar...
...loaded -> org.eclipse.e4.ui.model.workbench
Loading file:/D:/Eclipse/eclipse-rcp-oxygen-3a-win32-x86_64/eclipse/plugins/org.eclipse.e4.ui.services.source_1.3.0.v20170307-2032.jar...
...loaded -> org.eclipse.e4.ui.services.source
Loading file:/D:/Eclipse/eclipse-rcp-oxygen-3a-win32-x86_64/eclipse/plugins/org.eclipse.e4.ui.services_1.3.0.v20170307-2032.jar...
...loaded -> org.eclipse.e4.ui.services
Loading file:/D:/Eclipse/eclipse-rcp-oxygen-3a-win32-x86_64/eclipse/plugins/org.eclipse.e4.ui.widgets.source_1.2.0.v20160630-0736.jar...
...loaded -> org.eclipse.e4.ui.widgets.source
Loading file:/D:/Eclipse/eclipse-rcp-oxygen-3a-win32-x86_64/eclipse/plugins/org.eclipse.e4.ui.widgets_1.2.0.v20160630-0736.jar...
...loaded -> org.eclipse.e4.ui.widgets
Loading file:/D:/Eclipse/eclipse-rcp-oxygen-3a-win32-x86_64/eclipse/plugins/org.eclipse.e4.ui.workbench.addons.swt.source_1.3.1.v20170319-1442.jar...
...loaded -> org.eclipse.e4.ui.workbench.addons.swt.source
Loading file:/D:/Eclipse/eclipse-rcp-oxygen-3a-win32-x86_64/eclipse/plugins/org.eclipse.e4.ui.workbench.addons.swt_1.3.1.v20170319-1442.jar...
...loaded -> org.eclipse.e4.ui.workbench.addons.swt
Loading file:/D:/Eclipse/eclipse-rcp-oxygen-3a-win32-x86_64/eclipse/plugins/org.eclipse.e4.ui.workbench.renderers.swt.source_0.14.102.v20180117-1153.jar...
...loaded -> org.eclipse.e4.ui.workbench.renderers.swt.source
Loading file:/D:/Eclipse/eclipse-rcp-oxygen-3a-win32-x86_64/eclipse/plugins/org.eclipse.e4.ui.workbench.renderers.swt_0.14.102.v20180117-1153.jar...
...loaded -> org.eclipse.e4.ui.workbench.renderers.swt
Loading file:/D:/Eclipse/eclipse-rcp-oxygen-3a-win32-x86_64/eclipse/plugins/org.eclipse.e4.ui.workbench.source_1.5.1.v20170815-1446.jar...
...loaded -> org.eclipse.e4.ui.workbench.source
Loading file:/D:/Eclipse/eclipse-rcp-oxygen-3a-win32-x86_64/eclipse/plugins/org.eclipse.e4.ui.workbench.swt.source_0.14.101.v20170710-1119.jar...
...loaded -> org.eclipse.e4.ui.workbench.swt.source
Loading file:/D:/Eclipse/eclipse-rcp-oxygen-3a-win32-x86_64/eclipse/plugins/org.eclipse.e4.ui.workbench.swt_0.14.101.v20170710-1119.jar...
...loaded -> org.eclipse.e4.ui.workbench.swt
Loading file:/D:/Eclipse/eclipse-rcp-oxygen-3a-win32-x86_64/eclipse/plugins/org.eclipse.e4.ui.workbench3.source_0.14.0.v20160630-0740.jar...
...loaded -> org.eclipse.e4.ui.workbench3.source
Loading file:/D:/Eclipse/eclipse-rcp-oxygen-3a-win32-x86_64/eclipse/plugins/org.eclipse.e4.ui.workbench3_0.14.0.v20160630-0740.jar...
...loaded -> org.eclipse.e4.ui.workbench3
Loading file:/D:/Eclipse/eclipse-rcp-oxygen-3a-win32-x86_64/eclipse/plugins/org.eclipse.e4.ui.workbench_1.5.1.v20170815-1446.jar...
...loaded -> org.eclipse.e4.ui.workbench
Loading file:/D:/Eclipse/eclipse-rcp-oxygen-3a-win32-x86_64/eclipse/plugins/org.eclipse.ecf.filetransfer_5.0.0.v20160817-1024.jar...
...loaded -> org.eclipse.ecf.filetransfer
Loading file:/D:/Eclipse/eclipse-rcp-oxygen-3a-win32-x86_64/eclipse/plugins/org.eclipse.ecf.identity_3.8.0.v20161203-2153.jar...
...loaded -> org.eclipse.ecf.identity
Loading file:/D:/Eclipse/eclipse-rcp-oxygen-3a-win32-x86_64/eclipse/plugins/org.eclipse.ecf.provider.filetransfer.httpclient4.ssl_1.1.0.v20160817-1024.jar...
...loaded -> org.eclipse.ecf.provider.filetransfer.httpclient4.ssl
Loading file:/D:/Eclipse/eclipse-rcp-oxygen-3a-win32-x86_64/eclipse/plugins/org.eclipse.ecf.provider.filetransfer.httpclient4_1.1.200.v20170314-0133.jar...
...loaded -> org.eclipse.ecf.provider.filetransfer.httpclient4
Loading file:/D:/Eclipse/eclipse-rcp-oxygen-3a-win32-x86_64/eclipse/plugins/org.eclipse.ecf.provider.filetransfer.ssl_1.0.0.v20160817-1024.jar...
...loaded -> org.eclipse.ecf.provider.filetransfer.ssl
Loading file:/D:/Eclipse/eclipse-rcp-oxygen-3a-win32-x86_64/eclipse/plugins/org.eclipse.ecf.provider.filetransfer_3.2.300.v20161203-1840.jar...
...loaded -> org.eclipse.ecf.provider.filetransfer
Loading file:/D:/Eclipse/eclipse-rcp-oxygen-3a-win32-x86_64/eclipse/plugins/org.eclipse.ecf.ssl_1.2.0.v20160817-1024.jar...
...loaded -> org.eclipse.ecf.ssl
Loading file:/D:/Eclipse/eclipse-rcp-oxygen-3a-win32-x86_64/eclipse/plugins/org.eclipse.ecf_3.8.0.v20170104-0657.jar...
...loaded -> org.eclipse.ecf
Loading file:/D:/Eclipse/eclipse-rcp-oxygen-3a-win32-x86_64/eclipse/plugins/org.eclipse.eclemma.core_3.1.0.201804041601.jar...
...loaded -> org.eclipse.eclemma.core
Loading file:/D:/Eclipse/eclipse-rcp-oxygen-3a-win32-x86_64/eclipse/plugins/org.eclipse.eclemma.doc_3.1.0.201804041601.jar...
...loaded -> org.eclipse.eclemma.doc
Loading file:/D:/Eclipse/eclipse-rcp-oxygen-3a-win32-x86_64/eclipse/plugins/org.eclipse.eclemma.ui_3.1.0.201804041601.jar...
...loaded -> org.eclipse.eclemma.ui
Loading file:/D:/Eclipse/eclipse-rcp-oxygen-3a-win32-x86_64/eclipse/plugins/org.eclipse.egit.core_4.9.2.201712150930-r.jar...
...loaded -> org.eclipse.egit.core
Loading file:/D:/Eclipse/eclipse-rcp-oxygen-3a-win32-x86_64/eclipse/plugins/org.eclipse.egit.doc_4.9.2.201712150930-r.jar...
...loaded -> org.eclipse.egit.doc
Loading file:/D:/Eclipse/eclipse-rcp-oxygen-3a-win32-x86_64/eclipse/plugins/org.eclipse.egit.mylyn.ui_4.9.2.201712150930-r.jar...
...loaded -> org.eclipse.egit.mylyn.ui
Loading file:/D:/Eclipse/eclipse-rcp-oxygen-3a-win32-x86_64/eclipse/plugins/org.eclipse.egit.ui_4.9.2.201712150930-r.jar...
...loaded -> org.eclipse.egit.ui
Loading file:/D:/Eclipse/eclipse-rcp-oxygen-3a-win32-x86_64/eclipse/plugins/org.eclipse.egit_4.9.2.201712150930-r.jar...
...loaded -> org.eclipse.egit
Loading file:/D:/Eclipse/eclipse-rcp-oxygen-3a-win32-x86_64/eclipse/plugins/org.eclipse.emf.common.ui_2.12.0.v20170609-0928.jar...
...loaded -> org.eclipse.emf.common.ui
Loading file:/D:/Eclipse/eclipse-rcp-oxygen-3a-win32-x86_64/eclipse/plugins/org.eclipse.emf.common_2.13.0.v20170609-0707.jar...
...loaded -> org.eclipse.emf.common
Loading file:/D:/Eclipse/eclipse-rcp-oxygen-3a-win32-x86_64/eclipse/plugins/org.eclipse.emf.databinding.edit_1.3.0.v20170609-0928.jar...
...loaded -> org.eclipse.emf.databinding.edit
Loading file:/D:/Eclipse/eclipse-rcp-oxygen-3a-win32-x86_64/eclipse/plugins/org.eclipse.emf.databinding_1.3.0.v20170609-0928.jar...
...loaded -> org.eclipse.emf.databinding
Loading file:/D:/Eclipse/eclipse-rcp-oxygen-3a-win32-x86_64/eclipse/plugins/org.eclipse.emf.ecore.change.edit_2.6.0.v20170609-0928.jar...
...loaded -> org.eclipse.emf.ecore.change.edit
Loading file:/D:/Eclipse/eclipse-rcp-oxygen-3a-win32-x86_64/eclipse/plugins/org.eclipse.emf.ecore.change_2.11.0.v20170609-0707.jar...
...loaded -> org.eclipse.emf.ecore.change
Loading file:/D:/Eclipse/eclipse-rcp-oxygen-3a-win32-x86_64/eclipse/plugins/org.eclipse.emf.ecore.edit_2.9.0.v20170609-0928.jar...
...loaded -> org.eclipse.emf.ecore.edit
Loading file:/D:/Eclipse/eclipse-rcp-oxygen-3a-win32-x86_64/eclipse/plugins/org.eclipse.emf.ecore.xmi_2.13.0.v20170609-0707.jar...
...loaded -> org.eclipse.emf.ecore.xmi
Loading file:/D:/Eclipse/eclipse-rcp-oxygen-3a-win32-x86_64/eclipse/plugins/org.eclipse.emf.ecore_2.13.0.v20170609-0707.jar...
...loaded -> org.eclipse.emf.ecore
Loading file:/D:/Eclipse/eclipse-rcp-oxygen-3a-win32-x86_64/eclipse/plugins/org.eclipse.emf.edit.ui_2.13.0.v20170609-0928.jar...
...loaded -> org.eclipse.emf.edit.ui
Loading file:/D:/Eclipse/eclipse-rcp-oxygen-3a-win32-x86_64/eclipse/plugins/org.eclipse.emf.edit_2.12.0.v20170609-0928.jar...
...loaded -> org.eclipse.emf.edit
Loading file:/D:/Eclipse/eclipse-rcp-oxygen-3a-win32-x86_64/eclipse/plugins/org.eclipse.emf.mwe.core_1.3.21.201705291011.jar...
...loaded -> org.eclipse.emf.mwe.core
Loading file:/D:/Eclipse/eclipse-rcp-oxygen-3a-win32-x86_64/eclipse/plugins/org.eclipse.emf.mwe2.runtime_2.9.1.201705291011.jar...
...loaded -> org.eclipse.emf.mwe2.runtime
Loading file:/D:/Eclipse/eclipse-rcp-oxygen-3a-win32-x86_64/eclipse/plugins/org.eclipse.emf.transaction.ui_1.4.0.201706061339.jar...
...loaded -> org.eclipse.emf.transaction.ui
Loading file:/D:/Eclipse/eclipse-rcp-oxygen-3a-win32-x86_64/eclipse/plugins/org.eclipse.emf.transaction_1.9.0.201706061339.jar...
...loaded -> org.eclipse.emf.transaction
Loading file:/D:/Eclipse/eclipse-rcp-oxygen-3a-win32-x86_64/eclipse/plugins/org.eclipse.emf.validation.ui.ide_1.3.0.201706061352.jar...
...loaded -> org.eclipse.emf.validation.ui.ide
Loading file:/D:/Eclipse/eclipse-rcp-oxygen-3a-win32-x86_64/eclipse/plugins/org.eclipse.emf.validation.ui_1.7.0.201706061352.jar...
...loaded -> org.eclipse.emf.validation.ui
Loading file:/D:/Eclipse/eclipse-rcp-oxygen-3a-win32-x86_64/eclipse/plugins/org.eclipse.emf.validation_1.8.0.201706061352.jar...
...loaded -> org.eclipse.emf.validation
Loading file:/D:/Eclipse/eclipse-rcp-oxygen-3a-win32-x86_64/eclipse/plugins/org.eclipse.emf.workspace.ui_1.3.0.201706061339.jar...
...loaded -> org.eclipse.emf.workspace.ui
Loading file:/D:/Eclipse/eclipse-rcp-oxygen-3a-win32-x86_64/eclipse/plugins/org.eclipse.emf.workspace_1.5.1.201706061339.jar...
...loaded -> org.eclipse.emf.workspace
Loading file:/D:/Eclipse/eclipse-rcp-oxygen-3a-win32-x86_64/eclipse/plugins/org.eclipse.epp.logging.aeri.core_2.0.7.v20170906-1327.jar...
...loaded -> org.eclipse.epp.logging.aeri.core
Loading file:/D:/Eclipse/eclipse-rcp-oxygen-3a-win32-x86_64/eclipse/plugins/org.eclipse.epp.logging.aeri.ide_2.0.7.v20170906-1327.jar...
...loaded -> org.eclipse.epp.logging.aeri.ide
Loading file:/D:/Eclipse/eclipse-rcp-oxygen-3a-win32-x86_64/eclipse/plugins/org.eclipse.epp.mpc.core.win32_1.6.4.v20180214-1800.jar...
...loaded -> org.eclipse.epp.mpc.core.win32
Loading file:/D:/Eclipse/eclipse-rcp-oxygen-3a-win32-x86_64/eclipse/plugins/org.eclipse.epp.mpc.core_1.6.4.v20180214-1810.jar...
...loaded -> org.eclipse.epp.mpc.core
Loading file:/D:/Eclipse/eclipse-rcp-oxygen-3a-win32-x86_64/eclipse/plugins/org.eclipse.epp.mpc.help.ui_1.6.4.v20180214-1800.jar...
...loaded -> org.eclipse.epp.mpc.help.ui
Loading file:/D:/Eclipse/eclipse-rcp-oxygen-3a-win32-x86_64/eclipse/plugins/org.eclipse.epp.mpc.ui_1.6.4.v20180214-1800.jar...
...loaded -> org.eclipse.epp.mpc.ui
Loading file:/D:/Eclipse/eclipse-rcp-oxygen-3a-win32-x86_64/eclipse/plugins/org.eclipse.equinox.app.source_1.3.400.v20150715-1528.jar...
...loaded -> org.eclipse.equinox.app.source
Loading file:/D:/Eclipse/eclipse-rcp-oxygen-3a-win32-x86_64/eclipse/plugins/org.eclipse.equinox.app_1.3.400.v20150715-1528.jar...
...loaded -> org.eclipse.equinox.app
Loading file:/D:/Eclipse/eclipse-rcp-oxygen-3a-win32-x86_64/eclipse/plugins/org.eclipse.equinox.bidi.source_1.1.0.v20160728-1031.jar...
...loaded -> org.eclipse.equinox.bidi.source
Loading file:/D:/Eclipse/eclipse-rcp-oxygen-3a-win32-x86_64/eclipse/plugins/org.eclipse.equinox.bidi_1.1.0.v20160728-1031.jar...
...loaded -> org.eclipse.equinox.bidi
Loading file:/D:/Eclipse/eclipse-rcp-oxygen-3a-win32-x86_64/eclipse/plugins/org.eclipse.equinox.common.source_3.9.0.v20170207-1454.jar...
...loaded -> org.eclipse.equinox.common.source
Loading file:/D:/Eclipse/eclipse-rcp-oxygen-3a-win32-x86_64/eclipse/plugins/org.eclipse.equinox.common_3.9.0.v20170207-1454.jar...
...loaded -> org.eclipse.equinox.common
Loading file:/D:/Eclipse/eclipse-rcp-oxygen-3a-win32-x86_64/eclipse/plugins/org.eclipse.equinox.concurrent_1.1.0.v20130327-1442.jar...
...loaded -> org.eclipse.equinox.concurrent
Loading file:/D:/Eclipse/eclipse-rcp-oxygen-3a-win32-x86_64/eclipse/plugins/org.eclipse.equinox.console.source_1.1.300.v20170512-2111.jar...
...loaded -> org.eclipse.equinox.console.source
Loading file:/D:/Eclipse/eclipse-rcp-oxygen-3a-win32-x86_64/eclipse/plugins/org.eclipse.equinox.console_1.1.300.v20170512-2111.jar...
...loaded -> org.eclipse.equinox.console
Loading file:/D:/Eclipse/eclipse-rcp-oxygen-3a-win32-x86_64/eclipse/plugins/org.eclipse.equinox.ds.source_1.5.0.v20170307-1429.jar...
...loaded -> org.eclipse.equinox.ds.source
Loading file:/D:/Eclipse/eclipse-rcp-oxygen-3a-win32-x86_64/eclipse/plugins/org.eclipse.equinox.ds_1.5.0.v20170307-1429.jar...
...loaded -> org.eclipse.equinox.ds
Loading file:/D:/Eclipse/eclipse-rcp-oxygen-3a-win32-x86_64/eclipse/plugins/org.eclipse.equinox.event.source_1.4.0.v20170105-1446.jar...
...loaded -> org.eclipse.equinox.event.source
Loading file:/D:/Eclipse/eclipse-rcp-oxygen-3a-win32-x86_64/eclipse/plugins/org.eclipse.equinox.event_1.4.0.v20170105-1446.jar...
...loaded -> org.eclipse.equinox.event
Loading file:/D:/Eclipse/eclipse-rcp-oxygen-3a-win32-x86_64/eclipse/plugins/org.eclipse.equinox.frameworkadmin.equinox.source_1.0.800.v20170524-1345.jar...
...loaded -> org.eclipse.equinox.frameworkadmin.equinox.source
Loading file:/D:/Eclipse/eclipse-rcp-oxygen-3a-win32-x86_64/eclipse/plugins/org.eclipse.equinox.frameworkadmin.equinox_1.0.800.v20170524-1345.jar...
...loaded -> org.eclipse.equinox.frameworkadmin.equinox
Loading file:/D:/Eclipse/eclipse-rcp-oxygen-3a-win32-x86_64/eclipse/plugins/org.eclipse.equinox.frameworkadmin.source_2.0.300.v20160504-1450.jar...
...loaded -> org.eclipse.equinox.frameworkadmin.source
Loading file:/D:/Eclipse/eclipse-rcp-oxygen-3a-win32-x86_64/eclipse/plugins/org.eclipse.equinox.frameworkadmin_2.0.300.v20160504-1450.jar...
...loaded -> org.eclipse.equinox.frameworkadmin
Loading file:/D:/Eclipse/eclipse-rcp-oxygen-3a-win32-x86_64/eclipse/plugins/org.eclipse.equinox.http.jetty.source_3.4.0.v20170503-2025.jar...
...loaded -> org.eclipse.equinox.http.jetty.source
Loading file:/D:/Eclipse/eclipse-rcp-oxygen-3a-win32-x86_64/eclipse/plugins/org.eclipse.equinox.http.jetty_3.4.0.v20170503-2025.jar...
...loaded -> org.eclipse.equinox.http.jetty
Loading file:/D:/Eclipse/eclipse-rcp-oxygen-3a-win32-x86_64/eclipse/plugins/org.eclipse.equinox.http.registry.source_1.1.400.v20150715-1528.jar...
...loaded -> org.eclipse.equinox.http.registry.source
Loading file:/D:/Eclipse/eclipse-rcp-oxygen-3a-win32-x86_64/eclipse/plugins/org.eclipse.equinox.http.registry_1.1.400.v20150715-1528.jar...
...loaded -> org.eclipse.equinox.http.registry
Loading file:/D:/Eclipse/eclipse-rcp-oxygen-3a-win32-x86_64/eclipse/plugins/org.eclipse.equinox.http.servlet.source_1.4.0.v20170524-1452.jar...
...loaded -> org.eclipse.equinox.http.servlet.source
Loading file:/D:/Eclipse/eclipse-rcp-oxygen-3a-win32-x86_64/eclipse/plugins/org.eclipse.equinox.http.servlet_1.4.0.v20170524-1452.jar...
...loaded -> org.eclipse.equinox.http.servlet
Loading file:/D:/Eclipse/eclipse-rcp-oxygen-3a-win32-x86_64/eclipse/plugins/org.eclipse.equinox.jsp.jasper.registry.source_1.0.300.v20130327-1442.jar...
...loaded -> org.eclipse.equinox.jsp.jasper.registry.source
Loading file:/D:/Eclipse/eclipse-rcp-oxygen-3a-win32-x86_64/eclipse/plugins/org.eclipse.equinox.jsp.jasper.registry_1.0.300.v20130327-1442.jar...
...loaded -> org.eclipse.equinox.jsp.jasper.registry
Loading file:/D:/Eclipse/eclipse-rcp-oxygen-3a-win32-x86_64/eclipse/plugins/org.eclipse.equinox.jsp.jasper.source_1.0.500.v20150119-1358.jar...
...loaded -> org.eclipse.equinox.jsp.jasper.source
Loading file:/D:/Eclipse/eclipse-rcp-oxygen-3a-win32-x86_64/eclipse/plugins/org.eclipse.equinox.jsp.jasper_1.0.500.v20150119-1358.jar...
...loaded -> org.eclipse.equinox.jsp.jasper
Loading file:/D:/Eclipse/eclipse-rcp-oxygen-3a-win32-x86_64/eclipse/plugins/org.eclipse.equinox.launcher.source_1.4.0.v20161219-1356.jar...
...loaded -> org.eclipse.equinox.launcher.source
Loading file:/D:/Eclipse/eclipse-rcp-oxygen-3a-win32-x86_64/eclipse/plugins/org.eclipse.equinox.launcher_1.4.0.v20161219-1356.jar...
...loaded -> org.eclipse.equinox.launcher
Loading file:/D:/Eclipse/eclipse-rcp-oxygen-3a-win32-x86_64/eclipse/plugins/org.eclipse.equinox.p2.artifact.repository.source_1.1.650.v20170928-1405.jar...
[...]
load folder jar:file:/D:/Eclipse/eclipse-rcp-oxygen-3a-win32-x86_64/eclipse/plugins/ch.actifsource.ui.builder_10.10.0.202005121415.jar!/asrc/ via bundle ch.actifsource.ui.builder
...create TestSession...
...finished
Loading Scope 'ch.actifsource.example.ant'...
load folder jar:file:/D:/Eclipse/eclipse-rcp-oxygen-3a-win32-x86_64/eclipse/plugins/ch.actifsource.core_10.10.0.202005121415.jar!/asrc/ via bundle ch.actifsource.core
load folder jar:file:/D:/Eclipse/eclipse-rcp-oxygen-3a-win32-x86_64/eclipse/plugins/ch.actifsource.generator_10.10.0.202005121415.jar!/asrc/ via bundle ch.actifsource.generator
load folder jar:file:/D:/Eclipse/eclipse-rcp-oxygen-3a-win32-x86_64/eclipse/plugins/ch.actifsource.transientresource_10.10.0.202005121415.jar!/asrc/ via bundle ch.actifsource.transientresource
load folder jar:file:/D:/Eclipse/eclipse-rcp-oxygen-3a-win32-x86_64/eclipse/plugins/ch.actifsource.template_10.10.0.202005121415.jar!/asrc/ via bundle ch.actifsource.template
load folder jar:file:/D:/Eclipse/eclipse-rcp-oxygen-3a-win32-x86_64/eclipse/plugins/ch.actifsource.environment_10.10.0.202005121415.jar!/asrc/ via bundle ch.actifsource.environment
load folder jar:file:/D:/Eclipse/eclipse-rcp-oxygen-3a-win32-x86_64/eclipse/plugins/ch.actifsource.ui.refactoring_10.10.0.202005121415.jar!/asrc/ via bundle ch.actifsource.ui.refactoring
load folder jar:file:/D:/Eclipse/eclipse-rcp-oxygen-3a-win32-x86_64/eclipse/plugins/ch.actifsource.ui.search_10.10.0.202005121415.jar!/asrc/ via bundle ch.actifsource.ui.search
load folder jar:file:/D:/Eclipse/eclipse-rcp-oxygen-3a-win32-x86_64/eclipse/plugins/ch.actifsource.ui.templateeditor_10.10.0.202005121415.jar!/asrc/ via bundle ch.actifsource.ui.templateeditor
load folder jar:file:/D:/Eclipse/eclipse-rcp-oxygen-3a-win32-x86_64/eclipse/plugins/ch.actifsource.ui.builder_10.10.0.202005121415.jar!/asrc/ via bundle ch.actifsource.ui.builder
...create TestSession...
...finished
Loading Scope 'ch.actifsource.example.ant'...
load folder jar:file:/D:/Eclipse/eclipse-rcp-oxygen-3a-win32-x86_64/eclipse/plugins/ch.actifsource.core_10.10.0.202005121415.jar!/asrc/ via bundle ch.actifsource.core
load folder jar:file:/D:/Eclipse/eclipse-rcp-oxygen-3a-win32-x86_64/eclipse/plugins/ch.actifsource.generator_10.10.0.202005121415.jar!/asrc/ via bundle ch.actifsource.generator
load folder jar:file:/D:/Eclipse/eclipse-rcp-oxygen-3a-win32-x86_64/eclipse/plugins/ch.actifsource.transientresource_10.10.0.202005121415.jar!/asrc/ via bundle ch.actifsource.transientresource
load folder jar:file:/D:/Eclipse/eclipse-rcp-oxygen-3a-win32-x86_64/eclipse/plugins/ch.actifsource.template_10.10.0.202005121415.jar!/asrc/ via bundle ch.actifsource.template
load folder jar:file:/D:/Eclipse/eclipse-rcp-oxygen-3a-win32-x86_64/eclipse/plugins/ch.actifsource.environment_10.10.0.202005121415.jar!/asrc/ via bundle ch.actifsource.environment
load folder jar:file:/D:/Eclipse/eclipse-rcp-oxygen-3a-win32-x86_64/eclipse/plugins/ch.actifsource.ui.refactoring_10.10.0.202005121415.jar!/asrc/ via bundle ch.actifsource.ui.refactoring
load folder jar:file:/D:/Eclipse/eclipse-rcp-oxygen-3a-win32-x86_64/eclipse/plugins/ch.actifsource.ui.search_10.10.0.202005121415.jar!/asrc/ via bundle ch.actifsource.ui.search
load folder jar:file:/D:/Eclipse/eclipse-rcp-oxygen-3a-win32-x86_64/eclipse/plugins/ch.actifsource.ui.templateeditor_10.10.0.202005121415.jar!/asrc/ via bundle ch.actifsource.ui.templateeditor
load folder jar:file:/D:/Eclipse/eclipse-rcp-oxygen-3a-win32-x86_64/eclipse/plugins/ch.actifsource.ui.builder_10.10.0.202005121415.jar!/asrc/ via bundle ch.actifsource.ui.builder
...create TestSession...
...finished
]]></system-out>
  <system-err><![CDATA[....error -> bundle:jar:file:/D:/Eclipse/eclipse-rcp-oxygen-3a-win32-x86_64/eclipse/plugins/org.eclipse.gmf.runtime.common.ui.printing.win32_1.7.0.201706061437.jar!/:
java.lang.Error
	at ch.actifsource.util.log.Logger$LogHandler.logError(Logger.java:42)
	at ch.actifsource.util.log.Logger.logError(Logger.java:145)
	at ch.actifsource.platform.bundle.AbstractBundleManager.loadBundle(AbstractBundleManager.java:141)
	at ch.actifsource.platform.bundle.AbstractBundleManager.loadBundles(AbstractBundleManager.java:128)
	at ch.actifsource.platform.bundle.AbstractBundleManager.loadBundleDir(AbstractBundleManager.java:123)
	at ch.actifsource.platform.AbstractPlatformInitializer.<init>(AbstractPlatformInitializer.java:94)
	at ch.actifsource.ui.junit.ActifsourceTestEnvironment.<init>(ActifsourceTestEnvironment.java:31)
	at ch.actifsource.ui.junit.SingleScopeTestCase$1.initialValue(SingleScopeTestCase.java:20)
	at ch.actifsource.ui.junit.SingleScopeTestCase$1.initialValue(SingleScopeTestCase.java:1)
	at java.lang.ThreadLocal.setInitialValue(ThreadLocal.java:180)
	at java.lang.ThreadLocal.get(ThreadLocal.java:170)
	at ch.actifsource.ui.junit.SingleScopeTestCase.<init>(SingleScopeTestCase.java:49)
	at ch.actifsource.ui.junit.SingleScopeTestCase.<init>(SingleScopeTestCase.java:42)
	at ch.actifsource.example.ant.unittest.model.ChildTest.<init>(ChildTest.java:20)
	at sun.reflect.NativeConstructorAccessorImpl.newInstance0(Native Method)
	at sun.reflect.NativeConstructorAccessorImpl.newInstance(NativeConstructorAccessorImpl.java:62)
	at sun.reflect.DelegatingConstructorAccessorImpl.newInstance(DelegatingConstructorAccessorImpl.java:45)
	at java.lang.reflect.Constructor.newInstance(Constructor.java:423)
	at junit.framework.TestSuite.createTest(TestSuite.java:60)
	at junit.framework.TestSuite.addTestMethod(TestSuite.java:307)
	at junit.framework.TestSuite.addTestsFromTestCase(TestSuite.java:150)
	at junit.framework.TestSuite.<init>(TestSuite.java:129)
	at junit.framework.TestSuite.addTestSuite(TestSuite.java:216)
	at ch.actifsource.example.ant.unittest.model.AllTests.suite(AllTests.java:10)
	at ch.actifsource.example.ant.unittest.AllTests.suite(AllTests.java:10)
	at sun.reflect.NativeMethodAccessorImpl.invoke0(Native Method)
	at sun.reflect.NativeMethodAccessorImpl.invoke(NativeMethodAccessorImpl.java:62)
	at sun.reflect.DelegatingMethodAccessorImpl.invoke(DelegatingMethodAccessorImpl.java:43)
	at java.lang.reflect.Method.invoke(Method.java:498)
	at org.apache.tools.ant.taskdefs.optional.junit.JUnitTestRunner.run(JUnitTestRunner.java:405)
	at org.apache.tools.ant.taskdefs.optional.junit.JUnitTask.executeInVM(JUnitTask.java:1647)
	at org.apache.tools.ant.taskdefs.optional.junit.JUnitTask.execute(JUnitTask.java:1047)
	at org.apache.tools.ant.taskdefs.optional.junit.JUnitTask.executeOrQueue(JUnitTask.java:2207)
	at org.apache.tools.ant.taskdefs.optional.junit.JUnitTask.execute(JUnitTask.java:858)
	at org.apache.tools.ant.UnknownElement.execute(UnknownElement.java:293)
	at sun.reflect.GeneratedMethodAccessor6.invoke(Unknown Source)
	at sun.reflect.DelegatingMethodAccessorImpl.invoke(DelegatingMethodAccessorImpl.java:43)
	at java.lang.reflect.Method.invoke(Method.java:498)
	at org.apache.tools.ant.dispatch.DispatchUtils.execute(DispatchUtils.java:106)
	at org.apache.tools.ant.Task.perform(Task.java:348)
	at org.apache.tools.ant.Target.execute(Target.java:435)
	at org.apache.tools.ant.Target.performTasks(Target.java:456)
	at org.apache.tools.ant.Project.executeSortedTargets(Project.java:1405)
	at org.apache.tools.ant.Project.executeTarget(Project.java:1376)
	at org.apache.tools.ant.helper.DefaultExecutor.executeTargets(DefaultExecutor.java:41)
	at org.eclipse.ant.internal.launching.remote.EclipseDefaultExecutor.executeTargets(EclipseDefaultExecutor.java:36)
	at org.apache.tools.ant.Project.executeTargets(Project.java:1260)
	at org.eclipse.ant.internal.launching.remote.InternalAntRunner.run(InternalAntRunner.java:460)
	at org.eclipse.ant.internal.launching.remote.InternalAntRunner.main(InternalAntRunner.java:142)
org.osgi.framework.BundleException: invalid or old bundle format
	at ch.actifsource.platform.bundle.PlatformBundleManager.installBundle(PlatformBundleManager.java:158)
	at ch.actifsource.platform.bundle.AbstractBundleManager.loadBundle(AbstractBundleManager.java:136)
	at ch.actifsource.platform.bundle.AbstractBundleManager.loadBundles(AbstractBundleManager.java:128)
	at ch.actifsource.platform.bundle.AbstractBundleManager.loadBundleDir(AbstractBundleManager.java:123)
	at ch.actifsource.platform.AbstractPlatformInitializer.<init>(AbstractPlatformInitializer.java:94)
	at ch.actifsource.ui.junit.ActifsourceTestEnvironment.<init>(ActifsourceTestEnvironment.java:31)
	at ch.actifsource.ui.junit.SingleScopeTestCase$1.initialValue(SingleScopeTestCase.java:20)
	at ch.actifsource.ui.junit.SingleScopeTestCase$1.initialValue(SingleScopeTestCase.java:1)
	at java.lang.ThreadLocal.setInitialValue(ThreadLocal.java:180)
	at java.lang.ThreadLocal.get(ThreadLocal.java:170)
	at ch.actifsource.ui.junit.SingleScopeTestCase.<init>(SingleScopeTestCase.java:49)
	at ch.actifsource.ui.junit.SingleScopeTestCase.<init>(SingleScopeTestCase.java:42)
	at ch.actifsource.example.ant.unittest.model.ChildTest.<init>(ChildTest.java:20)
	at sun.reflect.NativeConstructorAccessorImpl.newInstance0(Native Method)
	at sun.reflect.NativeConstructorAccessorImpl.newInstance(NativeConstructorAccessorImpl.java:62)
	at sun.reflect.DelegatingConstructorAccessorImpl.newInstance(DelegatingConstructorAccessorImpl.java:45)
	at java.lang.reflect.Constructor.newInstance(Constructor.java:423)
	at junit.framework.TestSuite.createTest(TestSuite.java:60)
	at junit.framework.TestSuite.addTestMethod(TestSuite.java:307)
	at junit.framework.TestSuite.addTestsFromTestCase(TestSuite.java:150)
	at junit.framework.TestSuite.<init>(TestSuite.java:129)
	at junit.framework.TestSuite.addTestSuite(TestSuite.java:216)
	at ch.actifsource.example.ant.unittest.model.AllTests.suite(AllTests.java:10)
	at ch.actifsource.example.ant.unittest.AllTests.suite(AllTests.java:10)
	at sun.reflect.NativeMethodAccessorImpl.invoke0(Native Method)
	at sun.reflect.NativeMethodAccessorImpl.invoke(NativeMethodAccessorImpl.java:62)
	at sun.reflect.DelegatingMethodAccessorImpl.invoke(DelegatingMethodAccessorImpl.java:43)
	at java.lang.reflect.Method.invoke(Method.java:498)
	at org.apache.tools.ant.taskdefs.optional.junit.JUnitTestRunner.run(JUnitTestRunner.java:405)
	at org.apache.tools.ant.taskdefs.optional.junit.JUnitTask.executeInVM(JUnitTask.java:1647)
	at org.apache.tools.ant.taskdefs.optional.junit.JUnitTask.execute(JUnitTask.java:1047)
	at org.apache.tools.ant.taskdefs.optional.junit.JUnitTask.executeOrQueue(JUnitTask.java:2207)
	at org.apache.tools.ant.taskdefs.optional.junit.JUnitTask.execute(JUnitTask.java:858)
	at org.apache.tools.ant.UnknownElement.execute(UnknownElement.java:293)
	at sun.reflect.GeneratedMethodAccessor6.invoke(Unknown Source)
	at sun.reflect.DelegatingMethodAccessorImpl.invoke(DelegatingMethodAccessorImpl.java:43)
	at java.lang.reflect.Method.invoke(Method.java:498)
	at org.apache.tools.ant.dispatch.DispatchUtils.execute(DispatchUtils.java:106)
	at org.apache.tools.ant.Task.perform(Task.java:348)
	at org.apache.tools.ant.Target.execute(Target.java:435)
	at org.apache.tools.ant.Target.performTasks(Target.java:456)
	at org.apache.tools.ant.Project.executeSortedTargets(Project.java:1405)
	at org.apache.tools.ant.Project.executeTarget(Project.java:1376)
	at org.apache.tools.ant.helper.DefaultExecutor.executeTargets(DefaultExecutor.java:41)
	at org.eclipse.ant.internal.launching.remote.EclipseDefaultExecutor.executeTargets(EclipseDefaultExecutor.java:36)
	at org.apache.tools.ant.Project.executeTargets(Project.java:1260)
	at org.eclipse.ant.internal.launching.remote.InternalAntRunner.run(InternalAntRunner.java:460)
	at org.eclipse.ant.internal.launching.remote.InternalAntRunner.main(InternalAntRunner.java:142)
....error -> bundle:jar:file:/D:/Eclipse/eclipse-rcp-oxygen-3a-win32-x86_64/eclipse/plugins/org.eclipse.gmf.runtime.common.ui.printing.win32_1.7.0.201706061437.jar!/:
java.lang.Error
	at ch.actifsource.util.log.Logger$LogHandler.logError(Logger.java:42)
	at ch.actifsource.util.log.Logger.logError(Logger.java:145)
	at ch.actifsource.platform.bundle.AbstractBundleManager.loadBundle(AbstractBundleManager.java:141)
	at ch.actifsource.platform.bundle.AbstractBundleManager.loadBundles(AbstractBundleManager.java:128)
	at ch.actifsource.platform.bundle.AbstractBundleManager.loadBundleDir(AbstractBundleManager.java:123)
	at ch.actifsource.platform.AbstractPlatformInitializer.<init>(AbstractPlatformInitializer.java:107)
	at ch.actifsource.ui.junit.ActifsourceTestEnvironment.<init>(ActifsourceTestEnvironment.java:31)
	at ch.actifsource.ui.junit.SingleScopeTestCase$1.initialValue(SingleScopeTestCase.java:20)
	at ch.actifsource.ui.junit.SingleScopeTestCase$1.initialValue(SingleScopeTestCase.java:1)
	at java.lang.ThreadLocal.setInitialValue(ThreadLocal.java:180)
	at java.lang.ThreadLocal.get(ThreadLocal.java:170)
	at ch.actifsource.ui.junit.SingleScopeTestCase.<init>(SingleScopeTestCase.java:49)
	at ch.actifsource.ui.junit.SingleScopeTestCase.<init>(SingleScopeTestCase.java:42)
	at ch.actifsource.example.ant.unittest.model.ChildTest.<init>(ChildTest.java:20)
	at sun.reflect.NativeConstructorAccessorImpl.newInstance0(Native Method)
	at sun.reflect.NativeConstructorAccessorImpl.newInstance(NativeConstructorAccessorImpl.java:62)
	at sun.reflect.DelegatingConstructorAccessorImpl.newInstance(DelegatingConstructorAccessorImpl.java:45)
	at java.lang.reflect.Constructor.newInstance(Constructor.java:423)
	at junit.framework.TestSuite.createTest(TestSuite.java:60)
	at junit.framework.TestSuite.addTestMethod(TestSuite.java:307)
	at junit.framework.TestSuite.addTestsFromTestCase(TestSuite.java:150)
	at junit.framework.TestSuite.<init>(TestSuite.java:129)
	at junit.framework.TestSuite.addTestSuite(TestSuite.java:216)
	at ch.actifsource.example.ant.unittest.model.AllTests.suite(AllTests.java:10)
	at ch.actifsource.example.ant.unittest.AllTests.suite(AllTests.java:10)
	at sun.reflect.NativeMethodAccessorImpl.invoke0(Native Method)
	at sun.reflect.NativeMethodAccessorImpl.invoke(NativeMethodAccessorImpl.java:62)
	at sun.reflect.DelegatingMethodAccessorImpl.invoke(DelegatingMethodAccessorImpl.java:43)
	at java.lang.reflect.Method.invoke(Method.java:498)
	at org.apache.tools.ant.taskdefs.optional.junit.JUnitTestRunner.run(JUnitTestRunner.java:405)
	at org.apache.tools.ant.taskdefs.optional.junit.JUnitTask.executeInVM(JUnitTask.java:1647)
	at org.apache.tools.ant.taskdefs.optional.junit.JUnitTask.execute(JUnitTask.java:1047)
	at org.apache.tools.ant.taskdefs.optional.junit.JUnitTask.executeOrQueue(JUnitTask.java:2207)
	at org.apache.tools.ant.taskdefs.optional.junit.JUnitTask.execute(JUnitTask.java:858)
	at org.apache.tools.ant.UnknownElement.execute(UnknownElement.java:293)
	at sun.reflect.GeneratedMethodAccessor6.invoke(Unknown Source)
	at sun.reflect.DelegatingMethodAccessorImpl.invoke(DelegatingMethodAccessorImpl.java:43)
	at java.lang.reflect.Method.invoke(Method.java:498)
	at org.apache.tools.ant.dispatch.DispatchUtils.execute(DispatchUtils.java:106)
	at org.apache.tools.ant.Task.perform(Task.java:348)
	at org.apache.tools.ant.Target.execute(Target.java:435)
	at org.apache.tools.ant.Target.performTasks(Target.java:456)
	at org.apache.tools.ant.Project.executeSortedTargets(Project.java:1405)
	at org.apache.tools.ant.Project.executeTarget(Project.java:1376)
	at org.apache.tools.ant.helper.DefaultExecutor.executeTargets(DefaultExecutor.java:41)
	at org.eclipse.ant.internal.launching.remote.EclipseDefaultExecutor.executeTargets(EclipseDefaultExecutor.java:36)
	at org.apache.tools.ant.Project.executeTargets(Project.java:1260)
	at org.eclipse.ant.internal.launching.remote.InternalAntRunner.run(InternalAntRunner.java:460)
	at org.eclipse.ant.internal.launching.remote.InternalAntRunner.main(InternalAntRunner.java:142)
org.osgi.framework.BundleException: invalid or old bundle format
	at ch.actifsource.platform.bundle.PlatformBundleManager.installBundle(PlatformBundleManager.java:158)
	at ch.actifsource.platform.bundle.AbstractBundleManager.loadBundle(AbstractBundleManager.java:136)
	at ch.actifsource.platform.bundle.AbstractBundleManager.loadBundles(AbstractBundleManager.java:128)
	at ch.actifsource.platform.bundle.AbstractBundleManager.loadBundleDir(AbstractBundleManager.java:123)
	at ch.actifsource.platform.AbstractPlatformInitializer.<init>(AbstractPlatformInitializer.java:107)
	at ch.actifsource.ui.junit.ActifsourceTestEnvironment.<init>(ActifsourceTestEnvironment.java:31)
	at ch.actifsource.ui.junit.SingleScopeTestCase$1.initialValue(SingleScopeTestCase.java:20)
	at ch.actifsource.ui.junit.SingleScopeTestCase$1.initialValue(SingleScopeTestCase.java:1)
	at java.lang.ThreadLocal.setInitialValue(ThreadLocal.java:180)
	at java.lang.ThreadLocal.get(ThreadLocal.java:170)
	at ch.actifsource.ui.junit.SingleScopeTestCase.<init>(SingleScopeTestCase.java:49)
	at ch.actifsource.ui.junit.SingleScopeTestCase.<init>(SingleScopeTestCase.java:42)
	at ch.actifsource.example.ant.unittest.model.ChildTest.<init>(ChildTest.java:20)
	at sun.reflect.NativeConstructorAccessorImpl.newInstance0(Native Method)
	at sun.reflect.NativeConstructorAccessorImpl.newInstance(NativeConstructorAccessorImpl.java:62)
	at sun.reflect.DelegatingConstructorAccessorImpl.newInstance(DelegatingConstructorAccessorImpl.java:45)
	at java.lang.reflect.Constructor.newInstance(Constructor.java:423)
	at junit.framework.TestSuite.createTest(TestSuite.java:60)
	at junit.framework.TestSuite.addTestMethod(TestSuite.java:307)
	at junit.framework.TestSuite.addTestsFromTestCase(TestSuite.java:150)
	at junit.framework.TestSuite.<init>(TestSuite.java:129)
	at junit.framework.TestSuite.addTestSuite(TestSuite.java:216)
	at ch.actifsource.example.ant.unittest.model.AllTests.suite(AllTests.java:10)
	at ch.actifsource.example.ant.unittest.AllTests.suite(AllTests.java:10)
	at sun.reflect.NativeMethodAccessorImpl.invoke0(Native Method)
	at sun.reflect.NativeMethodAccessorImpl.invoke(NativeMethodAccessorImpl.java:62)
	at sun.reflect.DelegatingMethodAccessorImpl.invoke(DelegatingMethodAccessorImpl.java:43)
	at java.lang.reflect.Method.invoke(Method.java:498)
	at org.apache.tools.ant.taskdefs.optional.junit.JUnitTestRunner.run(JUnitTestRunner.java:405)
	at org.apache.tools.ant.taskdefs.optional.junit.JUnitTask.executeInVM(JUnitTask.java:1647)
	at org.apache.tools.ant.taskdefs.optional.junit.JUnitTask.execute(JUnitTask.java:1047)
	at org.apache.tools.ant.taskdefs.optional.junit.JUnitTask.executeOrQueue(JUnitTask.java:2207)
	at org.apache.tools.ant.taskdefs.optional.junit.JUnitTask.execute(JUnitTask.java:858)
	at org.apache.tools.ant.UnknownElement.execute(UnknownElement.java:293)
	at sun.reflect.GeneratedMethodAccessor6.invoke(Unknown Source)
	at sun.reflect.DelegatingMethodAccessorImpl.invoke(DelegatingMethodAccessorImpl.java:43)
	at java.lang.reflect.Method.invoke(Method.java:498)
	at org.apache.tools.ant.dispatch.DispatchUtils.execute(DispatchUtils.java:106)
	at org.apache.tools.ant.Task.perform(Task.java:348)
	at org.apache.tools.ant.Target.execute(Target.java:435)
	at org.apache.tools.ant.Target.performTasks(Target.java:456)
	at org.apache.tools.ant.Project.executeSortedTargets(Project.java:1405)
	at org.apache.tools.ant.Project.executeTarget(Project.java:1376)
	at org.apache.tools.ant.helper.DefaultExecutor.executeTargets(DefaultExecutor.java:41)
	at org.eclipse.ant.internal.launching.remote.EclipseDefaultExecutor.executeTargets(EclipseDefaultExecutor.java:36)
	at org.apache.tools.ant.Project.executeTargets(Project.java:1260)
	at org.eclipse.ant.internal.launching.remote.InternalAntRunner.run(InternalAntRunner.java:460)
	at org.eclipse.ant.internal.launching.remote.InternalAntRunner.main(InternalAntRunner.java:142)
]]></system-err>
</testsuite>
