<?xml version="1.0" encoding="UTF-8" ?>
<testsuite errors="1" failures="0" hostname="DESKTOP-F2H886T" name="ch.actifsource.example.ant.unittest.AllTests" skipped="0" tests="1" time="0.0" timestamp="2023-11-20T14:37:17">
  <properties>
[...]
</properties>
  <error type="java.lang.reflect.InvocationTargetException">java.lang.reflect.InvocationTargetException
	at org.eclipse.ant.internal.launching.remote.EclipseDefaultExecutor.executeTargets(EclipseDefaultExecutor.java:36)
	at org.eclipse.ant.internal.launching.remote.InternalAntRunner.run(InternalAntRunner.java:460)
	at org.eclipse.ant.internal.launching.remote.InternalAntRunner.main(InternalAntRunner.java:142)
Caused by: java.lang.NoClassDefFoundError: ch/actifsource/ui/junit/SingleScopeTestCase
	at java.lang.ClassLoader.defineClass1(Native Method)
	at java.lang.ClassLoader.defineClass(ClassLoader.java:763)
	at java.lang.ClassLoader.loadClass(ClassLoader.java:357)
	at ch.actifsource.example.ant.unittest.model.AllTests.suite(AllTests.java:10)
	at ch.actifsource.example.ant.unittest.AllTests.suite(AllTests.java:10)
Caused by: java.lang.ClassNotFoundException: ch.actifsource.ui.junit.SingleScopeTestCase
	at java.lang.ClassLoader.loadClass(ClassLoader.java:357)
</error>
  <system-out><![CDATA[]]></system-out>
  <system-err><![CDATA[]]></system-err>
</testsuite>
